The target system is: iOS -  - 
The host system is: Darwin - 19.0.0 - x86_64
Compiling the C compiler identification source file "CMakeCCompilerId.c" succeeded.
Compiler:  
Build flags: 
Id flags:  

The output was:
0
note: Using new build system
note: Planning build
note: Constructing build description
warning: Traditional headermap style is no longer supported; please migrate to using separate headermaps and set 'ALWAYS_SEARCH_USER_PATHS' to NO. (in target 'CompilerIdC' from project 'CompilerIdC')
CreateBuildDirectory /Users/fares-ben/Documents/tvsmiles-rta-cocos2dx/cocos2d/ios-build/CMakeFiles/3.16.1/CompilerIdC (in target 'CompilerIdC' from project 'CompilerIdC')
    cd /Users/fares-ben/Documents/tvsmiles-rta-cocos2dx/cocos2d/ios-build/CMakeFiles/3.16.1/CompilerIdC
    builtin-create-build-directory /Users/fares-ben/Documents/tvsmiles-rta-cocos2dx/cocos2d/ios-build/CMakeFiles/3.16.1/CompilerIdC

MkDir /Users/fares-ben/Documents/tvsmiles-rta-cocos2dx/cocos2d/ios-build/CMakeFiles/3.16.1/CompilerIdC/CompilerIdC.xctest (in target 'CompilerIdC' from project 'CompilerIdC')
    cd /Users/fares-ben/Documents/tvsmiles-rta-cocos2dx/cocos2d/ios-build/CMakeFiles/3.16.1/CompilerIdC
    /bin/mkdir -p /Users/fares-ben/Documents/tvsmiles-rta-cocos2dx/cocos2d/ios-build/CMakeFiles/3.16.1/CompilerIdC/CompilerIdC.xctest

WriteAuxiliaryFile /Users/fares-ben/Documents/tvsmiles-rta-cocos2dx/cocos2d/ios-build/CMakeFiles/3.16.1/CompilerIdC/CompilerIdC.build/Debug-iphoneos/CompilerIdC.build/CompilerIdC-project-headers.hmap (in target 'CompilerIdC' from project 'CompilerIdC')
    cd /Users/fares-ben/Documents/tvsmiles-rta-cocos2dx/cocos2d/ios-build/CMakeFiles/3.16.1/CompilerIdC
    write-file /Users/fares-ben/Documents/tvsmiles-rta-cocos2dx/cocos2d/ios-build/CMakeFiles/3.16.1/CompilerIdC/CompilerIdC.build/Debug-iphoneos/CompilerIdC.build/CompilerIdC-project-headers.hmap

WriteAuxiliaryFile /Users/fares-ben/Documents/tvsmiles-rta-cocos2dx/cocos2d/ios-build/CMakeFiles/3.16.1/CompilerIdC/CompilerIdC.build/Debug-iphoneos/CompilerIdC.build/CompilerIdC-all-non-framework-target-headers.hmap (in target 'CompilerIdC' from project 'CompilerIdC')
    cd /Users/fares-ben/Documents/tvsmiles-rta-cocos2dx/cocos2d/ios-build/CMakeFiles/3.16.1/CompilerIdC
    write-file /Users/fares-ben/Documents/tvsmiles-rta-cocos2dx/cocos2d/ios-build/CMakeFiles/3.16.1/CompilerIdC/CompilerIdC.build/Debug-iphoneos/CompilerIdC.build/CompilerIdC-all-non-framework-target-headers.hmap

WriteAuxiliaryFile /Users/fares-ben/Documents/tvsmiles-rta-cocos2dx/cocos2d/ios-build/CMakeFiles/3.16.1/CompilerIdC/CompilerIdC.build/Debug-iphoneos/CompilerIdC.build/all-product-headers.yaml (in target 'CompilerIdC' from project 'CompilerIdC')
    cd /Users/fares-ben/Documents/tvsmiles-rta-cocos2dx/cocos2d/ios-build/CMakeFiles/3.16.1/CompilerIdC
    write-file /Users/fares-ben/Documents/tvsmiles-rta-cocos2dx/cocos2d/ios-build/CMakeFiles/3.16.1/CompilerIdC/CompilerIdC.build/Debug-iphoneos/CompilerIdC.build/all-product-headers.yaml

WriteAuxiliaryFile /Users/fares-ben/Documents/tvsmiles-rta-cocos2dx/cocos2d/ios-build/CMakeFiles/3.16.1/CompilerIdC/CompilerIdC.build/Debug-iphoneos/CompilerIdC.build/CompilerIdC-own-target-headers.hmap (in target 'CompilerIdC' from project 'CompilerIdC')
    cd /Users/fares-ben/Documents/tvsmiles-rta-cocos2dx/cocos2d/ios-build/CMakeFiles/3.16.1/CompilerIdC
    write-file /Users/fares-ben/Documents/tvsmiles-rta-cocos2dx/cocos2d/ios-build/CMakeFiles/3.16.1/CompilerIdC/CompilerIdC.build/Debug-iphoneos/CompilerIdC.build/CompilerIdC-own-target-headers.hmap

WriteAuxiliaryFile /Users/fares-ben/Documents/tvsmiles-rta-cocos2dx/cocos2d/ios-build/CMakeFiles/3.16.1/CompilerIdC/CompilerIdC.build/Debug-iphoneos/CompilerIdC.build/CompilerIdC.hmap (in target 'CompilerIdC' from project 'CompilerIdC')
    cd /Users/fares-ben/Documents/tvsmiles-rta-cocos2dx/cocos2d/ios-build/CMakeFiles/3.16.1/CompilerIdC
    write-file /Users/fares-ben/Documents/tvsmiles-rta-cocos2dx/cocos2d/ios-build/CMakeFiles/3.16.1/CompilerIdC/CompilerIdC.build/Debug-iphoneos/CompilerIdC.build/CompilerIdC.hmap

WriteAuxiliaryFile /Users/fares-ben/Documents/tvsmiles-rta-cocos2dx/cocos2d/ios-build/CMakeFiles/3.16.1/CompilerIdC/CompilerIdC.build/Debug-iphoneos/CompilerIdC.build/CompilerIdC-all-target-headers.hmap (in target 'CompilerIdC' from project 'CompilerIdC')
    cd /Users/fares-ben/Documents/tvsmiles-rta-cocos2dx/cocos2d/ios-build/CMakeFiles/3.16.1/CompilerIdC
    write-file /Users/fares-ben/Documents/tvsmiles-rta-cocos2dx/cocos2d/ios-build/CMakeFiles/3.16.1/CompilerIdC/CompilerIdC.build/Debug-iphoneos/CompilerIdC.build/CompilerIdC-all-target-headers.hmap

WriteAuxiliaryFile /Users/fares-ben/Documents/tvsmiles-rta-cocos2dx/cocos2d/ios-build/CMakeFiles/3.16.1/CompilerIdC/CompilerIdC.build/Debug-iphoneos/CompilerIdC.build/CompilerIdC-generated-files.hmap (in target 'CompilerIdC' from project 'CompilerIdC')
    cd /Users/fares-ben/Documents/tvsmiles-rta-cocos2dx/cocos2d/ios-build/CMakeFiles/3.16.1/CompilerIdC
    write-file /Users/fares-ben/Documents/tvsmiles-rta-cocos2dx/cocos2d/ios-build/CMakeFiles/3.16.1/CompilerIdC/CompilerIdC.build/Debug-iphoneos/CompilerIdC.build/CompilerIdC-generated-files.hmap

WriteAuxiliaryFile /Users/fares-ben/Documents/tvsmiles-rta-cocos2dx/cocos2d/ios-build/CMakeFiles/3.16.1/CompilerIdC/CompilerIdC.build/Debug-iphoneos/CompilerIdC.build/Objects-normal/arm64/CompilerIdC.LinkFileList (in target 'CompilerIdC' from project 'CompilerIdC')
    cd /Users/fares-ben/Documents/tvsmiles-rta-cocos2dx/cocos2d/ios-build/CMakeFiles/3.16.1/CompilerIdC
    write-file /Users/fares-ben/Documents/tvsmiles-rta-cocos2dx/cocos2d/ios-build/CMakeFiles/3.16.1/CompilerIdC/CompilerIdC.build/Debug-iphoneos/CompilerIdC.build/Objects-normal/arm64/CompilerIdC.LinkFileList

CompileC /Users/fares-ben/Documents/tvsmiles-rta-cocos2dx/cocos2d/ios-build/CMakeFiles/3.16.1/CompilerIdC/CompilerIdC.build/Debug-iphoneos/CompilerIdC.build/Objects-normal/arm64/CMakeCCompilerId.o /Users/fares-ben/Documents/tvsmiles-rta-cocos2dx/cocos2d/ios-build/CMakeFiles/3.16.1/CompilerIdC/CMakeCCompilerId.c normal arm64 c com.apple.compilers.llvm.clang.1_0.compiler (in target 'CompilerIdC' from project 'CompilerIdC')
    cd /Users/fares-ben/Documents/tvsmiles-rta-cocos2dx/cocos2d/ios-build/CMakeFiles/3.16.1/CompilerIdC
    export LANG=en_US.US-ASCII
    /Applications/Xcode.app/Contents/Developer/Toolchains/XcodeDefault.xctoolchain/usr/bin/clang -x c -target arm64-apple-ios13.2 -fmessage-length=0 -fdiagnostics-show-note-include-stack -fmacro-backtrace-limit=0 -Wno-trigraphs -fpascal-strings -Os -Wno-missing-field-initializers -Wno-missing-prototypes -Wno-return-type -Wno-missing-braces -Wparentheses -Wswitch -Wno-unused-function -Wno-unused-label -Wno-unused-parameter -Wno-unused-variable -Wunused-value -Wno-empty-body -Wno-uninitialized -Wno-unknown-pragmas -Wno-shadow -Wno-four-char-constants -Wno-conversion -Wno-constant-conversion -Wno-int-conversion -Wno-bool-conversion -Wno-enum-conversion -Wno-float-conversion -Wno-non-literal-null-conversion -Wno-objc-literal-conversion -Wshorten-64-to-32 -Wpointer-sign -Wno-newline-eof -isysroot /Applications/Xcode.app/Contents/Developer/Platforms/iPhoneOS.platform/Developer/SDKs/iPhoneOS13.2.sdk -fstrict-aliasing -Wdeprecated-declarations -g -Wno-sign-conversion -Wno-infinite-recursion -Wno-comma -Wno-block-capture-autoreleasing -Wno-strict-prototypes -Wno-semicolon-before-method-body -iquote /Users/fares-ben/Documents/tvsmiles-rta-cocos2dx/cocos2d/ios-build/CMakeFiles/3.16.1/CompilerIdC/CompilerIdC.build/Debug-iphoneos/CompilerIdC.build/CompilerIdC-generated-files.hmap -I/Users/fares-ben/Documents/tvsmiles-rta-cocos2dx/cocos2d/ios-build/CMakeFiles/3.16.1/CompilerIdC/CompilerIdC.build/Debug-iphoneos/CompilerIdC.build/CompilerIdC-own-target-headers.hmap -I/Users/fares-ben/Documents/tvsmiles-rta-cocos2dx/cocos2d/ios-build/CMakeFiles/3.16.1/CompilerIdC/CompilerIdC.build/Debug-iphoneos/CompilerIdC.build/CompilerIdC-all-target-headers.hmap -iquote /Users/fares-ben/Documents/tvsmiles-rta-cocos2dx/cocos2d/ios-build/CMakeFiles/3.16.1/CompilerIdC/CompilerIdC.build/Debug-iphoneos/CompilerIdC.build/CompilerIdC-project-headers.hmap -I/Users/fares-ben/Documents/tvsmiles-rta-cocos2dx/cocos2d/ios-build/CMakeFiles/3.16.1/CompilerIdC/include -I/Users/fares-ben/Documents/tvsmiles-rta-cocos2dx/cocos2d/ios-build/CMakeFiles/3.16.1/CompilerIdC/CompilerIdC.build/Debug-iphoneos/CompilerIdC.build/DerivedSources-normal/arm64 -I/Users/fares-ben/Documents/tvsmiles-rta-cocos2dx/cocos2d/ios-build/CMakeFiles/3.16.1/CompilerIdC/CompilerIdC.build/Debug-iphoneos/CompilerIdC.build/DerivedSources/arm64 -I/Users/fares-ben/Documents/tvsmiles-rta-cocos2dx/cocos2d/ios-build/CMakeFiles/3.16.1/CompilerIdC/CompilerIdC.build/Debug-iphoneos/CompilerIdC.build/DerivedSources -F/Users/fares-ben/Documents/tvsmiles-rta-cocos2dx/cocos2d/ios-build/CMakeFiles/3.16.1/CompilerIdC -iframework /Applications/Xcode.app/Contents/Developer/Platforms/iPhoneOS.platform/Developer/Library/Frameworks -MMD -MT dependencies -MF /Users/fares-ben/Documents/tvsmiles-rta-cocos2dx/cocos2d/ios-build/CMakeFiles/3.16.1/CompilerIdC/CompilerIdC.build/Debug-iphoneos/CompilerIdC.build/Objects-normal/arm64/CMakeCCompilerId.d --serialize-diagnostics /Users/fares-ben/Documents/tvsmiles-rta-cocos2dx/cocos2d/ios-build/CMakeFiles/3.16.1/CompilerIdC/CompilerIdC.build/Debug-iphoneos/CompilerIdC.build/Objects-normal/arm64/CMakeCCompilerId.dia -c /Users/fares-ben/Documents/tvsmiles-rta-cocos2dx/cocos2d/ios-build/CMakeFiles/3.16.1/CompilerIdC/CMakeCCompilerId.c -o /Users/fares-ben/Documents/tvsmiles-rta-cocos2dx/cocos2d/ios-build/CMakeFiles/3.16.1/CompilerIdC/CompilerIdC.build/Debug-iphoneos/CompilerIdC.build/Objects-normal/arm64/CMakeCCompilerId.o

Ld /Users/fares-ben/Documents/tvsmiles-rta-cocos2dx/cocos2d/ios-build/CMakeFiles/3.16.1/CompilerIdC/CompilerIdC.xctest/CompilerIdC normal arm64 (in target 'CompilerIdC' from project 'CompilerIdC')
    cd /Users/fares-ben/Documents/tvsmiles-rta-cocos2dx/cocos2d/ios-build/CMakeFiles/3.16.1/CompilerIdC
    /Applications/Xcode.app/Contents/Developer/Toolchains/XcodeDefault.xctoolchain/usr/bin/clang -target arm64-apple-ios13.2 -bundle -isysroot /Applications/Xcode.app/Contents/Developer/Platforms/iPhoneOS.platform/Developer/SDKs/iPhoneOS13.2.sdk -L/Users/fares-ben/Documents/tvsmiles-rta-cocos2dx/cocos2d/ios-build/CMakeFiles/3.16.1/CompilerIdC -F/Users/fares-ben/Documents/tvsmiles-rta-cocos2dx/cocos2d/ios-build/CMakeFiles/3.16.1/CompilerIdC -L/Applications/Xcode.app/Contents/Developer/Platforms/iPhoneOS.platform/Developer/usr/lib -F/Applications/Xcode.app/Contents/Developer/Platforms/iPhoneOS.platform/Developer/Library/Frameworks -filelist /Users/fares-ben/Documents/tvsmiles-rta-cocos2dx/cocos2d/ios-build/CMakeFiles/3.16.1/CompilerIdC/CompilerIdC.build/Debug-iphoneos/CompilerIdC.build/Objects-normal/arm64/CompilerIdC.LinkFileList -dead_strip -Xlinker -object_path_lto -Xlinker /Users/fares-ben/Documents/tvsmiles-rta-cocos2dx/cocos2d/ios-build/CMakeFiles/3.16.1/CompilerIdC/CompilerIdC.build/Debug-iphoneos/CompilerIdC.build/Objects-normal/arm64/CompilerIdC_lto.o -framework XCTest -Xlinker -dependency_info -Xlinker /Users/fares-ben/Documents/tvsmiles-rta-cocos2dx/cocos2d/ios-build/CMakeFiles/3.16.1/CompilerIdC/CompilerIdC.build/Debug-iphoneos/CompilerIdC.build/Objects-normal/arm64/CompilerIdC_dependency_info.dat -o /Users/fares-ben/Documents/tvsmiles-rta-cocos2dx/cocos2d/ios-build/CMakeFiles/3.16.1/CompilerIdC/CompilerIdC.xctest/CompilerIdC

WriteAuxiliaryFile /Users/fares-ben/Documents/tvsmiles-rta-cocos2dx/cocos2d/ios-build/CMakeFiles/3.16.1/CompilerIdC/CompilerIdC.build/Debug-iphoneos/CompilerIdC.build/Script-2C8FEB8E15DC1A1A00E56A5D.sh (in target 'CompilerIdC' from project 'CompilerIdC')
    cd /Users/fares-ben/Documents/tvsmiles-rta-cocos2dx/cocos2d/ios-build/CMakeFiles/3.16.1/CompilerIdC
    write-file /Users/fares-ben/Documents/tvsmiles-rta-cocos2dx/cocos2d/ios-build/CMakeFiles/3.16.1/CompilerIdC/CompilerIdC.build/Debug-iphoneos/CompilerIdC.build/Script-2C8FEB8E15DC1A1A00E56A5D.sh

GenerateDSYMFile /Users/fares-ben/Documents/tvsmiles-rta-cocos2dx/cocos2d/ios-build/CMakeFiles/3.16.1/CompilerIdC/CompilerIdC.xctest.dSYM /Users/fares-ben/Documents/tvsmiles-rta-cocos2dx/cocos2d/ios-build/CMakeFiles/3.16.1/CompilerIdC/CompilerIdC.xctest/CompilerIdC (in target 'CompilerIdC' from project 'CompilerIdC')
    cd /Users/fares-ben/Documents/tvsmiles-rta-cocos2dx/cocos2d/ios-build/CMakeFiles/3.16.1/CompilerIdC
    /Applications/Xcode.app/Contents/Developer/Toolchains/XcodeDefault.xctoolchain/usr/bin/dsymutil /Users/fares-ben/Documents/tvsmiles-rta-cocos2dx/cocos2d/ios-build/CMakeFiles/3.16.1/CompilerIdC/CompilerIdC.xctest/CompilerIdC -o /Users/fares-ben/Documents/tvsmiles-rta-cocos2dx/cocos2d/ios-build/CMakeFiles/3.16.1/CompilerIdC/CompilerIdC.xctest.dSYM

PhaseScriptExecution Run\ Script /Users/fares-ben/Documents/tvsmiles-rta-cocos2dx/cocos2d/ios-build/CMakeFiles/3.16.1/CompilerIdC/CompilerIdC.build/Debug-iphoneos/CompilerIdC.build/Script-2C8FEB8E15DC1A1A00E56A5D.sh (in target 'CompilerIdC' from project 'CompilerIdC')
    cd /Users/fares-ben/Documents/tvsmiles-rta-cocos2dx/cocos2d/ios-build/CMakeFiles/3.16.1/CompilerIdC
    /bin/sh -c /Users/fares-ben/Documents/tvsmiles-rta-cocos2dx/cocos2d/ios-build/CMakeFiles/3.16.1/CompilerIdC/CompilerIdC.build/Debug-iphoneos/CompilerIdC.build/Script-2C8FEB8E15DC1A1A00E56A5D.sh
GCC_VERSION=com.apple.compilers.llvm.clang.1_0
ARCHS=arm64

RegisterExecutionPolicyException /Users/fares-ben/Documents/tvsmiles-rta-cocos2dx/cocos2d/ios-build/CMakeFiles/3.16.1/CompilerIdC/CompilerIdC.xctest (in target 'CompilerIdC' from project 'CompilerIdC')
    cd /Users/fares-ben/Documents/tvsmiles-rta-cocos2dx/cocos2d/ios-build/CMakeFiles/3.16.1/CompilerIdC
    builtin-RegisterExecutionPolicyException /Users/fares-ben/Documents/tvsmiles-rta-cocos2dx/cocos2d/ios-build/CMakeFiles/3.16.1/CompilerIdC/CompilerIdC.xctest
note: Execution policy exception registration failed and was skipped: Error Domain=NSPOSIXErrorDomain Code=1 "Operation not permitted" (in target 'CompilerIdC' from project 'CompilerIdC')

Touch /Users/fares-ben/Documents/tvsmiles-rta-cocos2dx/cocos2d/ios-build/CMakeFiles/3.16.1/CompilerIdC/CompilerIdC.xctest (in target 'CompilerIdC' from project 'CompilerIdC')
    cd /Users/fares-ben/Documents/tvsmiles-rta-cocos2dx/cocos2d/ios-build/CMakeFiles/3.16.1/CompilerIdC
    /usr/bin/touch -c /Users/fares-ben/Documents/tvsmiles-rta-cocos2dx/cocos2d/ios-build/CMakeFiles/3.16.1/CompilerIdC/CompilerIdC.xctest

** BUILD SUCCEEDED **



Compilation of the C compiler identification source "CMakeCCompilerId.c" produced "CompilerIdC.xctest/CompilerIdC"

The C compiler identification is AppleClang, found in "/Users/fares-ben/Documents/tvsmiles-rta-cocos2dx/cocos2d/ios-build/CMakeFiles/3.16.1/CompilerIdC/CompilerIdC.xctest/CompilerIdC"

Compiling the CXX compiler identification source file "CMakeCXXCompilerId.cpp" succeeded.
Compiler:  
Build flags: 
Id flags:  

The output was:
0
note: Using new build system
note: Planning build
note: Constructing build description
warning: Traditional headermap style is no longer supported; please migrate to using separate headermaps and set 'ALWAYS_SEARCH_USER_PATHS' to NO. (in target 'CompilerIdCXX' from project 'CompilerIdCXX')
CreateBuildDirectory /Users/fares-ben/Documents/tvsmiles-rta-cocos2dx/cocos2d/ios-build/CMakeFiles/3.16.1/CompilerIdCXX (in target 'CompilerIdCXX' from project 'CompilerIdCXX')
    cd /Users/fares-ben/Documents/tvsmiles-rta-cocos2dx/cocos2d/ios-build/CMakeFiles/3.16.1/CompilerIdCXX
    builtin-create-build-directory /Users/fares-ben/Documents/tvsmiles-rta-cocos2dx/cocos2d/ios-build/CMakeFiles/3.16.1/CompilerIdCXX

MkDir /Users/fares-ben/Documents/tvsmiles-rta-cocos2dx/cocos2d/ios-build/CMakeFiles/3.16.1/CompilerIdCXX/CompilerIdCXX.xctest (in target 'CompilerIdCXX' from project 'CompilerIdCXX')
    cd /Users/fares-ben/Documents/tvsmiles-rta-cocos2dx/cocos2d/ios-build/CMakeFiles/3.16.1/CompilerIdCXX
    /bin/mkdir -p /Users/fares-ben/Documents/tvsmiles-rta-cocos2dx/cocos2d/ios-build/CMakeFiles/3.16.1/CompilerIdCXX/CompilerIdCXX.xctest

WriteAuxiliaryFile /Users/fares-ben/Documents/tvsmiles-rta-cocos2dx/cocos2d/ios-build/CMakeFiles/3.16.1/CompilerIdCXX/CompilerIdCXX.build/Debug-iphoneos/CompilerIdCXX.build/CompilerIdCXX-project-headers.hmap (in target 'CompilerIdCXX' from project 'CompilerIdCXX')
    cd /Users/fares-ben/Documents/tvsmiles-rta-cocos2dx/cocos2d/ios-build/CMakeFiles/3.16.1/CompilerIdCXX
    write-file /Users/fares-ben/Documents/tvsmiles-rta-cocos2dx/cocos2d/ios-build/CMakeFiles/3.16.1/CompilerIdCXX/CompilerIdCXX.build/Debug-iphoneos/CompilerIdCXX.build/CompilerIdCXX-project-headers.hmap

WriteAuxiliaryFile /Users/fares-ben/Documents/tvsmiles-rta-cocos2dx/cocos2d/ios-build/CMakeFiles/3.16.1/CompilerIdCXX/CompilerIdCXX.build/Debug-iphoneos/CompilerIdCXX.build/all-product-headers.yaml (in target 'CompilerIdCXX' from project 'CompilerIdCXX')
    cd /Users/fares-ben/Documents/tvsmiles-rta-cocos2dx/cocos2d/ios-build/CMakeFiles/3.16.1/CompilerIdCXX
    write-file /Users/fares-ben/Documents/tvsmiles-rta-cocos2dx/cocos2d/ios-build/CMakeFiles/3.16.1/CompilerIdCXX/CompilerIdCXX.build/Debug-iphoneos/CompilerIdCXX.build/all-product-headers.yaml

WriteAuxiliaryFile /Users/fares-ben/Documents/tvsmiles-rta-cocos2dx/cocos2d/ios-build/CMakeFiles/3.16.1/CompilerIdCXX/CompilerIdCXX.build/Debug-iphoneos/CompilerIdCXX.build/CompilerIdCXX-all-target-headers.hmap (in target 'CompilerIdCXX' from project 'CompilerIdCXX')
    cd /Users/fares-ben/Documents/tvsmiles-rta-cocos2dx/cocos2d/ios-build/CMakeFiles/3.16.1/CompilerIdCXX
    write-file /Users/fares-ben/Documents/tvsmiles-rta-cocos2dx/cocos2d/ios-build/CMakeFiles/3.16.1/CompilerIdCXX/CompilerIdCXX.build/Debug-iphoneos/CompilerIdCXX.build/CompilerIdCXX-all-target-headers.hmap

WriteAuxiliaryFile /Users/fares-ben/Documents/tvsmiles-rta-cocos2dx/cocos2d/ios-build/CMakeFiles/3.16.1/CompilerIdCXX/CompilerIdCXX.build/Debug-iphoneos/CompilerIdCXX.build/CompilerIdCXX-own-target-headers.hmap (in target 'CompilerIdCXX' from project 'CompilerIdCXX')
    cd /Users/fares-ben/Documents/tvsmiles-rta-cocos2dx/cocos2d/ios-build/CMakeFiles/3.16.1/CompilerIdCXX
    write-file /Users/fares-ben/Documents/tvsmiles-rta-cocos2dx/cocos2d/ios-build/CMakeFiles/3.16.1/CompilerIdCXX/CompilerIdCXX.build/Debug-iphoneos/CompilerIdCXX.build/CompilerIdCXX-own-target-headers.hmap

WriteAuxiliaryFile /Users/fares-ben/Documents/tvsmiles-rta-cocos2dx/cocos2d/ios-build/CMakeFiles/3.16.1/CompilerIdCXX/CompilerIdCXX.build/Debug-iphoneos/CompilerIdCXX.build/CompilerIdCXX.hmap (in target 'CompilerIdCXX' from project 'CompilerIdCXX')
    cd /Users/fares-ben/Documents/tvsmiles-rta-cocos2dx/cocos2d/ios-build/CMakeFiles/3.16.1/CompilerIdCXX
    write-file /Users/fares-ben/Documents/tvsmiles-rta-cocos2dx/cocos2d/ios-build/CMakeFiles/3.16.1/CompilerIdCXX/CompilerIdCXX.build/Debug-iphoneos/CompilerIdCXX.build/CompilerIdCXX.hmap

WriteAuxiliaryFile /Users/fares-ben/Documents/tvsmiles-rta-cocos2dx/cocos2d/ios-build/CMakeFiles/3.16.1/CompilerIdCXX/CompilerIdCXX.build/Debug-iphoneos/CompilerIdCXX.build/CompilerIdCXX-all-non-framework-target-headers.hmap (in target 'CompilerIdCXX' from project 'CompilerIdCXX')
    cd /Users/fares-ben/Documents/tvsmiles-rta-cocos2dx/cocos2d/ios-build/CMakeFiles/3.16.1/CompilerIdCXX
    write-file /Users/fares-ben/Documents/tvsmiles-rta-cocos2dx/cocos2d/ios-build/CMakeFiles/3.16.1/CompilerIdCXX/CompilerIdCXX.build/Debug-iphoneos/CompilerIdCXX.build/CompilerIdCXX-all-non-framework-target-headers.hmap

WriteAuxiliaryFile /Users/fares-ben/Documents/tvsmiles-rta-cocos2dx/cocos2d/ios-build/CMakeFiles/3.16.1/CompilerIdCXX/CompilerIdCXX.build/Debug-iphoneos/CompilerIdCXX.build/CompilerIdCXX-generated-files.hmap (in target 'CompilerIdCXX' from project 'CompilerIdCXX')
    cd /Users/fares-ben/Documents/tvsmiles-rta-cocos2dx/cocos2d/ios-build/CMakeFiles/3.16.1/CompilerIdCXX
    write-file /Users/fares-ben/Documents/tvsmiles-rta-cocos2dx/cocos2d/ios-build/CMakeFiles/3.16.1/CompilerIdCXX/CompilerIdCXX.build/Debug-iphoneos/CompilerIdCXX.build/CompilerIdCXX-generated-files.hmap

WriteAuxiliaryFile /Users/fares-ben/Documents/tvsmiles-rta-cocos2dx/cocos2d/ios-build/CMakeFiles/3.16.1/CompilerIdCXX/CompilerIdCXX.build/Debug-iphoneos/CompilerIdCXX.build/Objects-normal/arm64/CompilerIdCXX.LinkFileList (in target 'CompilerIdCXX' from project 'CompilerIdCXX')
    cd /Users/fares-ben/Documents/tvsmiles-rta-cocos2dx/cocos2d/ios-build/CMakeFiles/3.16.1/CompilerIdCXX
    write-file /Users/fares-ben/Documents/tvsmiles-rta-cocos2dx/cocos2d/ios-build/CMakeFiles/3.16.1/CompilerIdCXX/CompilerIdCXX.build/Debug-iphoneos/CompilerIdCXX.build/Objects-normal/arm64/CompilerIdCXX.LinkFileList

CompileC /Users/fares-ben/Documents/tvsmiles-rta-cocos2dx/cocos2d/ios-build/CMakeFiles/3.16.1/CompilerIdCXX/CompilerIdCXX.build/Debug-iphoneos/CompilerIdCXX.build/Objects-normal/arm64/CMakeCXXCompilerId.o /Users/fares-ben/Documents/tvsmiles-rta-cocos2dx/cocos2d/ios-build/CMakeFiles/3.16.1/CompilerIdCXX/CMakeCXXCompilerId.cpp normal arm64 c++ com.apple.compilers.llvm.clang.1_0.compiler (in target 'CompilerIdCXX' from project 'CompilerIdCXX')
    cd /Users/fares-ben/Documents/tvsmiles-rta-cocos2dx/cocos2d/ios-build/CMakeFiles/3.16.1/CompilerIdCXX
    export LANG=en_US.US-ASCII
    /Applications/Xcode.app/Contents/Developer/Toolchains/XcodeDefault.xctoolchain/usr/bin/clang -x c++ -target arm64-apple-ios13.2 -fmessage-length=0 -fdiagnostics-show-note-include-stack -fmacro-backtrace-limit=0 -Wno-trigraphs -fpascal-strings -Os -Wno-missing-field-initializers -Wno-missing-prototypes -Wno-return-type -Wno-non-virtual-dtor -Wno-overloaded-virtual -Wno-exit-time-destructors -Wno-missing-braces -Wparentheses -Wswitch -Wno-unused-function -Wno-unused-label -Wno-unused-parameter -Wno-unused-variable -Wunused-value -Wno-empty-body -Wno-uninitialized -Wno-unknown-pragmas -Wno-shadow -Wno-four-char-constants -Wno-conversion -Wno-constant-conversion -Wno-int-conversion -Wno-bool-conversion -Wno-enum-conversion -Wno-float-conversion -Wno-non-literal-null-conversion -Wno-objc-literal-conversion -Wshorten-64-to-32 -Wno-newline-eof -Wno-c++11-extensions -isysroot /Applications/Xcode.app/Contents/Developer/Platforms/iPhoneOS.platform/Developer/SDKs/iPhoneOS13.2.sdk -fstrict-aliasing -Wdeprecated-declarations -Winvalid-offsetof -g -fvisibility-inlines-hidden -Wno-sign-conversion -Wno-infinite-recursion -Wno-move -Wno-comma -Wno-block-capture-autoreleasing -Wno-strict-prototypes -Wno-range-loop-analysis -Wno-semicolon-before-method-body -iquote /Users/fares-ben/Documents/tvsmiles-rta-cocos2dx/cocos2d/ios-build/CMakeFiles/3.16.1/CompilerIdCXX/CompilerIdCXX.build/Debug-iphoneos/CompilerIdCXX.build/CompilerIdCXX-generated-files.hmap -I/Users/fares-ben/Documents/tvsmiles-rta-cocos2dx/cocos2d/ios-build/CMakeFiles/3.16.1/CompilerIdCXX/CompilerIdCXX.build/Debug-iphoneos/CompilerIdCXX.build/CompilerIdCXX-own-target-headers.hmap -I/Users/fares-ben/Documents/tvsmiles-rta-cocos2dx/cocos2d/ios-build/CMakeFiles/3.16.1/CompilerIdCXX/CompilerIdCXX.build/Debug-iphoneos/CompilerIdCXX.build/CompilerIdCXX-all-target-headers.hmap -iquote /Users/fares-ben/Documents/tvsmiles-rta-cocos2dx/cocos2d/ios-build/CMakeFiles/3.16.1/CompilerIdCXX/CompilerIdCXX.build/Debug-iphoneos/CompilerIdCXX.build/CompilerIdCXX-project-headers.hmap -I/Users/fares-ben/Documents/tvsmiles-rta-cocos2dx/cocos2d/ios-build/CMakeFiles/3.16.1/CompilerIdCXX/include -I/Users/fares-ben/Documents/tvsmiles-rta-cocos2dx/cocos2d/ios-build/CMakeFiles/3.16.1/CompilerIdCXX/CompilerIdCXX.build/Debug-iphoneos/CompilerIdCXX.build/DerivedSources-normal/arm64 -I/Users/fares-ben/Documents/tvsmiles-rta-cocos2dx/cocos2d/ios-build/CMakeFiles/3.16.1/CompilerIdCXX/CompilerIdCXX.build/Debug-iphoneos/CompilerIdCXX.build/DerivedSources/arm64 -I/Users/fares-ben/Documents/tvsmiles-rta-cocos2dx/cocos2d/ios-build/CMakeFiles/3.16.1/CompilerIdCXX/CompilerIdCXX.build/Debug-iphoneos/CompilerIdCXX.build/DerivedSources -F/Users/fares-ben/Documents/tvsmiles-rta-cocos2dx/cocos2d/ios-build/CMakeFiles/3.16.1/CompilerIdCXX -iframework /Applications/Xcode.app/Contents/Developer/Platforms/iPhoneOS.platform/Developer/Library/Frameworks -MMD -MT dependencies -MF /Users/fares-ben/Documents/tvsmiles-rta-cocos2dx/cocos2d/ios-build/CMakeFiles/3.16.1/CompilerIdCXX/CompilerIdCXX.build/Debug-iphoneos/CompilerIdCXX.build/Objects-normal/arm64/CMakeCXXCompilerId.d --serialize-diagnostics /Users/fares-ben/Documents/tvsmiles-rta-cocos2dx/cocos2d/ios-build/CMakeFiles/3.16.1/CompilerIdCXX/CompilerIdCXX.build/Debug-iphoneos/CompilerIdCXX.build/Objects-normal/arm64/CMakeCXXCompilerId.dia -c /Users/fares-ben/Documents/tvsmiles-rta-cocos2dx/cocos2d/ios-build/CMakeFiles/3.16.1/CompilerIdCXX/CMakeCXXCompilerId.cpp -o /Users/fares-ben/Documents/tvsmiles-rta-cocos2dx/cocos2d/ios-build/CMakeFiles/3.16.1/CompilerIdCXX/CompilerIdCXX.build/Debug-iphoneos/CompilerIdCXX.build/Objects-normal/arm64/CMakeCXXCompilerId.o

Ld /Users/fares-ben/Documents/tvsmiles-rta-cocos2dx/cocos2d/ios-build/CMakeFiles/3.16.1/CompilerIdCXX/CompilerIdCXX.xctest/CompilerIdCXX normal arm64 (in target 'CompilerIdCXX' from project 'CompilerIdCXX')
    cd /Users/fares-ben/Documents/tvsmiles-rta-cocos2dx/cocos2d/ios-build/CMakeFiles/3.16.1/CompilerIdCXX
    /Applications/Xcode.app/Contents/Developer/Toolchains/XcodeDefault.xctoolchain/usr/bin/clang++ -target arm64-apple-ios13.2 -bundle -isysroot /Applications/Xcode.app/Contents/Developer/Platforms/iPhoneOS.platform/Developer/SDKs/iPhoneOS13.2.sdk -L/Users/fares-ben/Documents/tvsmiles-rta-cocos2dx/cocos2d/ios-build/CMakeFiles/3.16.1/CompilerIdCXX -F/Users/fares-ben/Documents/tvsmiles-rta-cocos2dx/cocos2d/ios-build/CMakeFiles/3.16.1/CompilerIdCXX -L/Applications/Xcode.app/Contents/Developer/Platforms/iPhoneOS.platform/Developer/usr/lib -F/Applications/Xcode.app/Contents/Developer/Platforms/iPhoneOS.platform/Developer/Library/Frameworks -filelist /Users/fares-ben/Documents/tvsmiles-rta-cocos2dx/cocos2d/ios-build/CMakeFiles/3.16.1/CompilerIdCXX/CompilerIdCXX.build/Debug-iphoneos/CompilerIdCXX.build/Objects-normal/arm64/CompilerIdCXX.LinkFileList -dead_strip -Xlinker -object_path_lto -Xlinker /Users/fares-ben/Documents/tvsmiles-rta-cocos2dx/cocos2d/ios-build/CMakeFiles/3.16.1/CompilerIdCXX/CompilerIdCXX.build/Debug-iphoneos/CompilerIdCXX.build/Objects-normal/arm64/CompilerIdCXX_lto.o -framework XCTest -Xlinker -dependency_info -Xlinker /Users/fares-ben/Documents/tvsmiles-rta-cocos2dx/cocos2d/ios-build/CMakeFiles/3.16.1/CompilerIdCXX/CompilerIdCXX.build/Debug-iphoneos/CompilerIdCXX.build/Objects-normal/arm64/CompilerIdCXX_dependency_info.dat -o /Users/fares-ben/Documents/tvsmiles-rta-cocos2dx/cocos2d/ios-build/CMakeFiles/3.16.1/CompilerIdCXX/CompilerIdCXX.xctest/CompilerIdCXX

WriteAuxiliaryFile /Users/fares-ben/Documents/tvsmiles-rta-cocos2dx/cocos2d/ios-build/CMakeFiles/3.16.1/CompilerIdCXX/CompilerIdCXX.build/Debug-iphoneos/CompilerIdCXX.build/Script-2C8FEB8E15DC1A1A00E56A5D.sh (in target 'CompilerIdCXX' from project 'CompilerIdCXX')
    cd /Users/fares-ben/Documents/tvsmiles-rta-cocos2dx/cocos2d/ios-build/CMakeFiles/3.16.1/CompilerIdCXX
    write-file /Users/fares-ben/Documents/tvsmiles-rta-cocos2dx/cocos2d/ios-build/CMakeFiles/3.16.1/CompilerIdCXX/CompilerIdCXX.build/Debug-iphoneos/CompilerIdCXX.build/Script-2C8FEB8E15DC1A1A00E56A5D.sh

GenerateDSYMFile /Users/fares-ben/Documents/tvsmiles-rta-cocos2dx/cocos2d/ios-build/CMakeFiles/3.16.1/CompilerIdCXX/CompilerIdCXX.xctest.dSYM /Users/fares-ben/Documents/tvsmiles-rta-cocos2dx/cocos2d/ios-build/CMakeFiles/3.16.1/CompilerIdCXX/CompilerIdCXX.xctest/CompilerIdCXX (in target 'CompilerIdCXX' from project 'CompilerIdCXX')
    cd /Users/fares-ben/Documents/tvsmiles-rta-cocos2dx/cocos2d/ios-build/CMakeFiles/3.16.1/CompilerIdCXX
    /Applications/Xcode.app/Contents/Developer/Toolchains/XcodeDefault.xctoolchain/usr/bin/dsymutil /Users/fares-ben/Documents/tvsmiles-rta-cocos2dx/cocos2d/ios-build/CMakeFiles/3.16.1/CompilerIdCXX/CompilerIdCXX.xctest/CompilerIdCXX -o /Users/fares-ben/Documents/tvsmiles-rta-cocos2dx/cocos2d/ios-build/CMakeFiles/3.16.1/CompilerIdCXX/CompilerIdCXX.xctest.dSYM

PhaseScriptExecution Run\ Script /Users/fares-ben/Documents/tvsmiles-rta-cocos2dx/cocos2d/ios-build/CMakeFiles/3.16.1/CompilerIdCXX/CompilerIdCXX.build/Debug-iphoneos/CompilerIdCXX.build/Script-2C8FEB8E15DC1A1A00E56A5D.sh (in target 'CompilerIdCXX' from project 'CompilerIdCXX')
    cd /Users/fares-ben/Documents/tvsmiles-rta-cocos2dx/cocos2d/ios-build/CMakeFiles/3.16.1/CompilerIdCXX
    /bin/sh -c /Users/fares-ben/Documents/tvsmiles-rta-cocos2dx/cocos2d/ios-build/CMakeFiles/3.16.1/CompilerIdCXX/CompilerIdCXX.build/Debug-iphoneos/CompilerIdCXX.build/Script-2C8FEB8E15DC1A1A00E56A5D.sh
GCC_VERSION=com.apple.compilers.llvm.clang.1_0
ARCHS=arm64

RegisterExecutionPolicyException /Users/fares-ben/Documents/tvsmiles-rta-cocos2dx/cocos2d/ios-build/CMakeFiles/3.16.1/CompilerIdCXX/CompilerIdCXX.xctest (in target 'CompilerIdCXX' from project 'CompilerIdCXX')
    cd /Users/fares-ben/Documents/tvsmiles-rta-cocos2dx/cocos2d/ios-build/CMakeFiles/3.16.1/CompilerIdCXX
    builtin-RegisterExecutionPolicyException /Users/fares-ben/Documents/tvsmiles-rta-cocos2dx/cocos2d/ios-build/CMakeFiles/3.16.1/CompilerIdCXX/CompilerIdCXX.xctest
note: Execution policy exception registration failed and was skipped: Error Domain=NSPOSIXErrorDomain Code=1 "Operation not permitted" (in target 'CompilerIdCXX' from project 'CompilerIdCXX')

Touch /Users/fares-ben/Documents/tvsmiles-rta-cocos2dx/cocos2d/ios-build/CMakeFiles/3.16.1/CompilerIdCXX/CompilerIdCXX.xctest (in target 'CompilerIdCXX' from project 'CompilerIdCXX')
    cd /Users/fares-ben/Documents/tvsmiles-rta-cocos2dx/cocos2d/ios-build/CMakeFiles/3.16.1/CompilerIdCXX
    /usr/bin/touch -c /Users/fares-ben/Documents/tvsmiles-rta-cocos2dx/cocos2d/ios-build/CMakeFiles/3.16.1/CompilerIdCXX/CompilerIdCXX.xctest

** BUILD SUCCEEDED **



Compilation of the CXX compiler identification source "CMakeCXXCompilerId.cpp" produced "CompilerIdCXX.xctest/CompilerIdCXX"

The CXX compiler identification is AppleClang, found in "/Users/fares-ben/Documents/tvsmiles-rta-cocos2dx/cocos2d/ios-build/CMakeFiles/3.16.1/CompilerIdCXX/CompilerIdCXX.xctest/CompilerIdCXX"

Determining if the C compiler works passed with the following output:
Change Dir: /Users/fares-ben/Documents/tvsmiles-rta-cocos2dx/cocos2d/ios-build/CMakeFiles/CMakeTmp

Run Build Command(s):/usr/bin/xcodebuild -project CMAKE_TRY_COMPILE.xcodeproj build -target cmTC_c5bc5 -configuration Debug -hideShellScriptEnvironment && User defaults from command line:
    HideShellScriptEnvironment = YES

Prepare build
note: Using legacy build system
=== BUILD TARGET cmTC_c5bc5 OF PROJECT CMAKE_TRY_COMPILE WITH CONFIGURATION Debug ===

Check dependencies

Write auxiliary files
/bin/mkdir -p /Users/fares-ben/Documents/tvsmiles-rta-cocos2dx/cocos2d/ios-build/CMakeFiles/CMakeTmp/CMAKE_TRY_COMPILE.build/Debug-iphoneos/cmTC_c5bc5.build/Objects-normal/arm64
write-file /Users/fares-ben/Documents/tvsmiles-rta-cocos2dx/cocos2d/ios-build/CMakeFiles/CMakeTmp/CMAKE_TRY_COMPILE.build/Debug-iphoneos/cmTC_c5bc5.build/Objects-normal/arm64/cmTC_c5bc5.LinkFileList

CompileC CMAKE_TRY_COMPILE.build/Debug-iphoneos/cmTC_c5bc5.build/Objects-normal/arm64/testCCompiler.o testCCompiler.c normal arm64 c com.apple.compilers.llvm.clang.1_0.compiler
    cd /Users/fares-ben/Documents/tvsmiles-rta-cocos2dx/cocos2d/ios-build/CMakeFiles/CMakeTmp
    /Applications/Xcode.app/Contents/Developer/Toolchains/XcodeDefault.xctoolchain/usr/bin/clang -x c -target arm64-apple-ios13.2 -fmessage-length=0 -fdiagnostics-show-note-include-stack -fmacro-backtrace-limit=0 -Wno-trigraphs -fpascal-strings -O0 -Wno-missing-field-initializers -Wno-missing-prototypes -Wno-return-type -Wno-missing-braces -Wparentheses -Wswitch -Wno-unused-function -Wno-unused-label -Wno-unused-parameter -Wno-unused-variable -Wunused-value -Wno-empty-body -Wno-uninitialized -Wno-unknown-pragmas -Wno-shadow -Wno-four-char-constants -Wno-conversion -Wno-constant-conversion -Wno-int-conversion -Wno-bool-conversion -Wno-enum-conversion -Wno-float-conversion -Wno-non-literal-null-conversion -Wno-objc-literal-conversion -Wshorten-64-to-32 -Wpointer-sign -Wno-newline-eof -DCMAKE_INTDIR=\"Debug-iphoneos\" -isysroot /Applications/Xcode.app/Contents/Developer/Platforms/iPhoneOS.platform/Developer/SDKs/iPhoneOS13.2.sdk -fstrict-aliasing -Wdeprecated-declarations -g -Wno-sign-conversion -Wno-infinite-recursion -Wno-comma -Wno-block-capture-autoreleasing -Wno-strict-prototypes -Wno-semicolon-before-method-body -fembed-bitcode-marker -I/Users/fares-ben/Documents/tvsmiles-rta-cocos2dx/cocos2d/ios-build/CMakeFiles/CMakeTmp/Debug/include -I/Users/fares-ben/Documents/tvsmiles-rta-cocos2dx/cocos2d/ios-build/CMakeFiles/CMakeTmp/CMAKE_TRY_COMPILE.build/Debug-iphoneos/cmTC_c5bc5.build/DerivedSources-normal/arm64 -I/Users/fares-ben/Documents/tvsmiles-rta-cocos2dx/cocos2d/ios-build/CMakeFiles/CMakeTmp/CMAKE_TRY_COMPILE.build/Debug-iphoneos/cmTC_c5bc5.build/DerivedSources/arm64 -I/Users/fares-ben/Documents/tvsmiles-rta-cocos2dx/cocos2d/ios-build/CMakeFiles/CMakeTmp/CMAKE_TRY_COMPILE.build/Debug-iphoneos/cmTC_c5bc5.build/DerivedSources -Wmost -Wno-four-char-constants -Wno-unknown-pragmas -F/Users/fares-ben/Documents/tvsmiles-rta-cocos2dx/cocos2d/ios-build/CMakeFiles/CMakeTmp/Debug -MMD -MT dependencies -MF /Users/fares-ben/Documents/tvsmiles-rta-cocos2dx/cocos2d/ios-build/CMakeFiles/CMakeTmp/CMAKE_TRY_COMPILE.build/Debug-iphoneos/cmTC_c5bc5.build/Objects-normal/arm64/testCCompiler.d --serialize-diagnostics /Users/fares-ben/Documents/tvsmiles-rta-cocos2dx/cocos2d/ios-build/CMakeFiles/CMakeTmp/CMAKE_TRY_COMPILE.build/Debug-iphoneos/cmTC_c5bc5.build/Objects-normal/arm64/testCCompiler.dia -c /Users/fares-ben/Documents/tvsmiles-rta-cocos2dx/cocos2d/ios-build/CMakeFiles/CMakeTmp/testCCompiler.c -o /Users/fares-ben/Documents/tvsmiles-rta-cocos2dx/cocos2d/ios-build/CMakeFiles/CMakeTmp/CMAKE_TRY_COMPILE.build/Debug-iphoneos/cmTC_c5bc5.build/Objects-normal/arm64/testCCompiler.o

Libtool Debug/libcmTC_c5bc5.a normal arm64
    cd /Users/fares-ben/Documents/tvsmiles-rta-cocos2dx/cocos2d/ios-build/CMakeFiles/CMakeTmp
    /Applications/Xcode.app/Contents/Developer/Toolchains/XcodeDefault.xctoolchain/usr/bin/libtool -static -arch_only arm64 -D -syslibroot /Applications/Xcode.app/Contents/Developer/Platforms/iPhoneOS.platform/Developer/SDKs/iPhoneOS13.2.sdk -L/Users/fares-ben/Documents/tvsmiles-rta-cocos2dx/cocos2d/ios-build/CMakeFiles/CMakeTmp/Debug -filelist /Users/fares-ben/Documents/tvsmiles-rta-cocos2dx/cocos2d/ios-build/CMakeFiles/CMakeTmp/CMAKE_TRY_COMPILE.build/Debug-iphoneos/cmTC_c5bc5.build/Objects-normal/arm64/cmTC_c5bc5.LinkFileList -o /Users/fares-ben/Documents/tvsmiles-rta-cocos2dx/cocos2d/ios-build/CMakeFiles/CMakeTmp/Debug/libcmTC_c5bc5.a

** BUILD SUCCEEDED **




Detecting C compiler ABI info compiled with the following output:
Change Dir: /Users/fares-ben/Documents/tvsmiles-rta-cocos2dx/cocos2d/ios-build/CMakeFiles/CMakeTmp

Run Build Command(s):/usr/bin/xcodebuild -project CMAKE_TRY_COMPILE.xcodeproj build -target cmTC_44aad -configuration Debug -hideShellScriptEnvironment && User defaults from command line:
    HideShellScriptEnvironment = YES

Prepare build
note: Using legacy build system
=== BUILD TARGET cmTC_44aad OF PROJECT CMAKE_TRY_COMPILE WITH CONFIGURATION Debug ===

Check dependencies

Write auxiliary files
/bin/mkdir -p /Users/fares-ben/Documents/tvsmiles-rta-cocos2dx/cocos2d/ios-build/CMakeFiles/CMakeTmp/CMAKE_TRY_COMPILE.build/Debug-iphoneos/cmTC_44aad.build/Objects-normal/arm64
write-file /Users/fares-ben/Documents/tvsmiles-rta-cocos2dx/cocos2d/ios-build/CMakeFiles/CMakeTmp/CMAKE_TRY_COMPILE.build/Debug-iphoneos/cmTC_44aad.build/Objects-normal/arm64/cmTC_44aad.LinkFileList

CompileC CMAKE_TRY_COMPILE.build/Debug-iphoneos/cmTC_44aad.build/Objects-normal/arm64/CMakeCCompilerABI.o /usr/local/Cellar/cmake/3.16.1/share/cmake/Modules/CMakeCCompilerABI.c normal arm64 c com.apple.compilers.llvm.clang.1_0.compiler
    cd /Users/fares-ben/Documents/tvsmiles-rta-cocos2dx/cocos2d/ios-build/CMakeFiles/CMakeTmp
    /Applications/Xcode.app/Contents/Developer/Toolchains/XcodeDefault.xctoolchain/usr/bin/clang -x c -target arm64-apple-ios13.2 -fmessage-length=0 -fdiagnostics-show-note-include-stack -fmacro-backtrace-limit=0 -Wno-trigraphs -fpascal-strings -O0 -Wno-missing-field-initializers -Wno-missing-prototypes -Wno-return-type -Wno-missing-braces -Wparentheses -Wswitch -Wno-unused-function -Wno-unused-label -Wno-unused-parameter -Wno-unused-variable -Wunused-value -Wno-empty-body -Wno-uninitialized -Wno-unknown-pragmas -Wno-shadow -Wno-four-char-constants -Wno-conversion -Wno-constant-conversion -Wno-int-conversion -Wno-bool-conversion -Wno-enum-conversion -Wno-float-conversion -Wno-non-literal-null-conversion -Wno-objc-literal-conversion -Wshorten-64-to-32 -Wpointer-sign -Wno-newline-eof -DCMAKE_INTDIR=\"Debug-iphoneos\" -isysroot /Applications/Xcode.app/Contents/Developer/Platforms/iPhoneOS.platform/Developer/SDKs/iPhoneOS13.2.sdk -fstrict-aliasing -Wdeprecated-declarations -g -Wno-sign-conversion -Wno-infinite-recursion -Wno-comma -Wno-block-capture-autoreleasing -Wno-strict-prototypes -Wno-semicolon-before-method-body -fembed-bitcode-marker -I/Users/fares-ben/Documents/tvsmiles-rta-cocos2dx/cocos2d/ios-build/CMakeFiles/CMakeTmp/Debug/include -I/Users/fares-ben/Documents/tvsmiles-rta-cocos2dx/cocos2d/ios-build/CMakeFiles/CMakeTmp/CMAKE_TRY_COMPILE.build/Debug-iphoneos/cmTC_44aad.build/DerivedSources-normal/arm64 -I/Users/fares-ben/Documents/tvsmiles-rta-cocos2dx/cocos2d/ios-build/CMakeFiles/CMakeTmp/CMAKE_TRY_COMPILE.build/Debug-iphoneos/cmTC_44aad.build/DerivedSources/arm64 -I/Users/fares-ben/Documents/tvsmiles-rta-cocos2dx/cocos2d/ios-build/CMakeFiles/CMakeTmp/CMAKE_TRY_COMPILE.build/Debug-iphoneos/cmTC_44aad.build/DerivedSources -Wmost -Wno-four-char-constants -Wno-unknown-pragmas -F/Users/fares-ben/Documents/tvsmiles-rta-cocos2dx/cocos2d/ios-build/CMakeFiles/CMakeTmp/Debug -v -Wl,-v -MMD -MT dependencies -MF /Users/fares-ben/Documents/tvsmiles-rta-cocos2dx/cocos2d/ios-build/CMakeFiles/CMakeTmp/CMAKE_TRY_COMPILE.build/Debug-iphoneos/cmTC_44aad.build/Objects-normal/arm64/CMakeCCompilerABI.d --serialize-diagnostics /Users/fares-ben/Documents/tvsmiles-rta-cocos2dx/cocos2d/ios-build/CMakeFiles/CMakeTmp/CMAKE_TRY_COMPILE.build/Debug-iphoneos/cmTC_44aad.build/Objects-normal/arm64/CMakeCCompilerABI.dia -c /usr/local/Cellar/cmake/3.16.1/share/cmake/Modules/CMakeCCompilerABI.c -o /Users/fares-ben/Documents/tvsmiles-rta-cocos2dx/cocos2d/ios-build/CMakeFiles/CMakeTmp/CMAKE_TRY_COMPILE.build/Debug-iphoneos/cmTC_44aad.build/Objects-normal/arm64/CMakeCCompilerABI.o
Apple clang version 11.0.0 (clang-1100.0.33.12)
Target: arm64-apple-ios13.2
Thread model: posix
InstalledDir: /Applications/Xcode.app/Contents/Developer/Toolchains/XcodeDefault.xctoolchain/usr/bin
clang: warning: -Wl,-v: 'linker' input unused [-Wunused-command-line-argument]
 "/Applications/Xcode.app/Contents/Developer/Toolchains/XcodeDefault.xctoolchain/usr/bin/clang" -cc1 -triple arm64-apple-ios13.2.0 -Wdeprecated-objc-isa-usage -Werror=deprecated-objc-isa-usage -Werror=implicit-function-declaration -emit-obj -fembed-bitcode=marker -fembed-bitcode=marker -disable-free -disable-llvm-verifier -discard-value-names -main-file-name CMakeCCompilerABI.c -mrelocation-model pic -pic-level 2 -mthread-model posix -mdisable-fp-elim -fno-strict-return -masm-verbose -munwind-tables -target-sdk-version=13.2 -target-cpu cyclone -target-feature +fp-armv8 -target-feature +neon -target-feature +crypto -target-feature +zcm -target-feature +zcz -target-feature +sha2 -target-feature +aes -target-abi darwinpcs -fallow-half-arguments-and-returns -dwarf-column-info -debug-info-kind=standalone -dwarf-version=4 -debugger-tuning=lldb -ggnu-pubnames -target-linker-version 520 -v -coverage-notes-file /Users/fares-ben/Documents/tvsmiles-rta-cocos2dx/cocos2d/ios-build/CMakeFiles/CMakeTmp/CMAKE_TRY_COMPILE.build/Debug-iphoneos/cmTC_44aad.build/Objects-normal/arm64/CMakeCCompilerABI.gcno -resource-dir /Applications/Xcode.app/Contents/Developer/Toolchains/XcodeDefault.xctoolchain/usr/lib/clang/11.0.0 -dependency-file /Users/fares-ben/Documents/tvsmiles-rta-cocos2dx/cocos2d/ios-build/CMakeFiles/CMakeTmp/CMAKE_TRY_COMPILE.build/Debug-iphoneos/cmTC_44aad.build/Objects-normal/arm64/CMakeCCompilerABI.d -skip-unused-modulemap-deps -MT dependencies -isysroot /Applications/Xcode.app/Contents/Developer/Platforms/iPhoneOS.platform/Developer/SDKs/iPhoneOS13.2.sdk -D "CMAKE_INTDIR=\"Debug-iphoneos\"" -I /Users/fares-ben/Documents/tvsmiles-rta-cocos2dx/cocos2d/ios-build/CMakeFiles/CMakeTmp/Debug/include -I /Users/fares-ben/Documents/tvsmiles-rta-cocos2dx/cocos2d/ios-build/CMakeFiles/CMakeTmp/CMAKE_TRY_COMPILE.build/Debug-iphoneos/cmTC_44aad.build/DerivedSources-normal/arm64 -I /Users/fares-ben/Documents/tvsmiles-rta-cocos2dx/cocos2d/ios-build/CMakeFiles/CMakeTmp/CMAKE_TRY_COMPILE.build/Debug-iphoneos/cmTC_44aad.build/DerivedSources/arm64 -I /Users/fares-ben/Documents/tvsmiles-rta-cocos2dx/cocos2d/ios-build/CMakeFiles/CMakeTmp/CMAKE_TRY_COMPILE.build/Debug-iphoneos/cmTC_44aad.build/DerivedSources -F/Users/fares-ben/Documents/tvsmiles-rta-cocos2dx/cocos2d/ios-build/CMakeFiles/CMakeTmp/Debug -O0 -Wno-trigraphs -Wno-missing-field-initializers -Wno-missing-prototypes -Wno-return-type -Wno-missing-braces -Wparentheses -Wswitch -Wno-unused-function -Wno-unused-label -Wno-unused-parameter -Wno-unused-variable -Wunused-value -Wno-empty-body -Wno-uninitialized -Wno-unknown-pragmas -Wno-shadow -Wno-four-char-constants -Wno-conversion -Wno-constant-conversion -Wno-int-conversion -Wno-bool-conversion -Wno-enum-conversion -Wno-float-conversion -Wno-non-literal-null-conversion -Wno-objc-literal-conversion -Wshorten-64-to-32 -Wpointer-sign -Wno-newline-eof -Wdeprecated-declarations -Wno-sign-conversion -Wno-infinite-recursion -Wno-comma -Wno-block-capture-autoreleasing -Wno-strict-prototypes -Wno-semicolon-before-method-body -Wmost -Wno-four-char-constants -Wno-unknown-pragmas -Wno-framework-include-private-from-public -Wno-atimport-in-framework-header -Wno-extra-semi-stmt -Wno-quoted-include-in-framework-header -fdebug-compilation-dir /Users/fares-ben/Documents/tvsmiles-rta-cocos2dx/cocos2d/ios-build/CMakeFiles/CMakeTmp -ferror-limit 19 -fmacro-backtrace-limit 0 -fmessage-length 0 -stack-protector 1 -fstack-check -mdarwin-stkchk-strong-link -fblocks -fencode-extended-block-signature -fregister-global-dtors-with-atexit -fobjc-runtime=ios-13.2.0 -fpascal-strings -fmax-type-align=16 -fdiagnostics-show-option -fdiagnostics-show-note-include-stack -serialize-diagnostic-file /Users/fares-ben/Documents/tvsmiles-rta-cocos2dx/cocos2d/ios-build/CMakeFiles/CMakeTmp/CMAKE_TRY_COMPILE.build/Debug-iphoneos/cmTC_44aad.build/Objects-normal/arm64/CMakeCCompilerABI.dia -o /Users/fares-ben/Documents/tvsmiles-rta-cocos2dx/cocos2d/ios-build/CMakeFiles/CMakeTmp/CMAKE_TRY_COMPILE.build/Debug-iphoneos/cmTC_44aad.build/Objects-normal/arm64/CMakeCCompilerABI.o -x c /usr/local/Cellar/cmake/3.16.1/share/cmake/Modules/CMakeCCompilerABI.c
clang -cc1 version 11.0.0 (clang-1100.0.33.12) default target x86_64-apple-darwin19.0.0
ignoring nonexistent directory "/Users/fares-ben/Documents/tvsmiles-rta-cocos2dx/cocos2d/ios-build/CMakeFiles/CMakeTmp/Debug/include"
ignoring nonexistent directory "/Users/fares-ben/Documents/tvsmiles-rta-cocos2dx/cocos2d/ios-build/CMakeFiles/CMakeTmp/CMAKE_TRY_COMPILE.build/Debug-iphoneos/cmTC_44aad.build/DerivedSources-normal/arm64"
ignoring nonexistent directory "/Users/fares-ben/Documents/tvsmiles-rta-cocos2dx/cocos2d/ios-build/CMakeFiles/CMakeTmp/CMAKE_TRY_COMPILE.build/Debug-iphoneos/cmTC_44aad.build/DerivedSources/arm64"
ignoring nonexistent directory "/Users/fares-ben/Documents/tvsmiles-rta-cocos2dx/cocos2d/ios-build/CMakeFiles/CMakeTmp/CMAKE_TRY_COMPILE.build/Debug-iphoneos/cmTC_44aad.build/DerivedSources"
ignoring nonexistent directory "/Users/fares-ben/Documents/tvsmiles-rta-cocos2dx/cocos2d/ios-build/CMakeFiles/CMakeTmp/Debug"
ignoring nonexistent directory "/Applications/Xcode.app/Contents/Developer/Platforms/iPhoneOS.platform/Developer/SDKs/iPhoneOS13.2.sdk/usr/local/include"
ignoring nonexistent directory "/Applications/Xcode.app/Contents/Developer/Platforms/iPhoneOS.platform/Developer/SDKs/iPhoneOS13.2.sdk/Library/Frameworks"
#include "..." search starts here:
#include <...> search starts here:
 /Applications/Xcode.app/Contents/Developer/Toolchains/XcodeDefault.xctoolchain/usr/lib/clang/11.0.0/include
 /Applications/Xcode.app/Contents/Developer/Toolchains/XcodeDefault.xctoolchain/usr/include
 /Applications/Xcode.app/Contents/Developer/Platforms/iPhoneOS.platform/Developer/SDKs/iPhoneOS13.2.sdk/usr/include
 /Applications/Xcode.app/Contents/Developer/Platforms/iPhoneOS.platform/Developer/SDKs/iPhoneOS13.2.sdk/System/Library/Frameworks (framework directory)
End of search list.

Libtool Debug/libcmTC_44aad.a normal arm64
    cd /Users/fares-ben/Documents/tvsmiles-rta-cocos2dx/cocos2d/ios-build/CMakeFiles/CMakeTmp
    /Applications/Xcode.app/Contents/Developer/Toolchains/XcodeDefault.xctoolchain/usr/bin/libtool -static -arch_only arm64 -D -syslibroot /Applications/Xcode.app/Contents/Developer/Platforms/iPhoneOS.platform/Developer/SDKs/iPhoneOS13.2.sdk -L/Users/fares-ben/Documents/tvsmiles-rta-cocos2dx/cocos2d/ios-build/CMakeFiles/CMakeTmp/Debug -filelist /Users/fares-ben/Documents/tvsmiles-rta-cocos2dx/cocos2d/ios-build/CMakeFiles/CMakeTmp/CMAKE_TRY_COMPILE.build/Debug-iphoneos/cmTC_44aad.build/Objects-normal/arm64/cmTC_44aad.LinkFileList -o /Users/fares-ben/Documents/tvsmiles-rta-cocos2dx/cocos2d/ios-build/CMakeFiles/CMakeTmp/Debug/libcmTC_44aad.a

** BUILD SUCCEEDED **




Parsed C implicit include dir info from above output: rv=done
  found start of include info
  found start of implicit include info
    add: [/Applications/Xcode.app/Contents/Developer/Toolchains/XcodeDefault.xctoolchain/usr/lib/clang/11.0.0/include]
    add: [/Applications/Xcode.app/Contents/Developer/Toolchains/XcodeDefault.xctoolchain/usr/include]
    add: [/Applications/Xcode.app/Contents/Developer/Platforms/iPhoneOS.platform/Developer/SDKs/iPhoneOS13.2.sdk/usr/include]
  end of search list found
  collapse include dir [/Applications/Xcode.app/Contents/Developer/Toolchains/XcodeDefault.xctoolchain/usr/lib/clang/11.0.0/include] ==> [/Applications/Xcode.app/Contents/Developer/Toolchains/XcodeDefault.xctoolchain/usr/lib/clang/11.0.0/include]
  collapse include dir [/Applications/Xcode.app/Contents/Developer/Toolchains/XcodeDefault.xctoolchain/usr/include] ==> [/Applications/Xcode.app/Contents/Developer/Toolchains/XcodeDefault.xctoolchain/usr/include]
  collapse include dir [/Applications/Xcode.app/Contents/Developer/Platforms/iPhoneOS.platform/Developer/SDKs/iPhoneOS13.2.sdk/usr/include] ==> [/Applications/Xcode.app/Contents/Developer/Platforms/iPhoneOS.platform/Developer/SDKs/iPhoneOS13.2.sdk/usr/include]
  implicit include dirs: [/Applications/Xcode.app/Contents/Developer/Toolchains/XcodeDefault.xctoolchain/usr/lib/clang/11.0.0/include;/Applications/Xcode.app/Contents/Developer/Toolchains/XcodeDefault.xctoolchain/usr/include;/Applications/Xcode.app/Contents/Developer/Platforms/iPhoneOS.platform/Developer/SDKs/iPhoneOS13.2.sdk/usr/include]


Parsed C implicit link information from above output:
  link line regex: [^( *|.*[/\])(ld|CMAKE_LINK_STARTFILE-NOTFOUND|([^/\]+-)?ld|collect2)[^/\]*( |$)]
  ignore line: [Change Dir: /Users/fares-ben/Documents/tvsmiles-rta-cocos2dx/cocos2d/ios-build/CMakeFiles/CMakeTmp]
  ignore line: []
  ignore line: [Run Build Command(s):/usr/bin/xcodebuild -project CMAKE_TRY_COMPILE.xcodeproj build -target cmTC_44aad -configuration Debug -hideShellScriptEnvironment && User defaults from command line:]
  ignore line: [    HideShellScriptEnvironment = YES]
  ignore line: []
  ignore line: [Prepare build]
  ignore line: [note: Using legacy build system]
  ignore line: [=== BUILD TARGET cmTC_44aad OF PROJECT CMAKE_TRY_COMPILE WITH CONFIGURATION Debug ===]
  ignore line: []
  ignore line: [Check dependencies]
  ignore line: []
  ignore line: [Write auxiliary files]
  ignore line: [/bin/mkdir -p /Users/fares-ben/Documents/tvsmiles-rta-cocos2dx/cocos2d/ios-build/CMakeFiles/CMakeTmp/CMAKE_TRY_COMPILE.build/Debug-iphoneos/cmTC_44aad.build/Objects-normal/arm64]
  ignore line: [write-file /Users/fares-ben/Documents/tvsmiles-rta-cocos2dx/cocos2d/ios-build/CMakeFiles/CMakeTmp/CMAKE_TRY_COMPILE.build/Debug-iphoneos/cmTC_44aad.build/Objects-normal/arm64/cmTC_44aad.LinkFileList]
  ignore line: []
  ignore line: [CompileC CMAKE_TRY_COMPILE.build/Debug-iphoneos/cmTC_44aad.build/Objects-normal/arm64/CMakeCCompilerABI.o /usr/local/Cellar/cmake/3.16.1/share/cmake/Modules/CMakeCCompilerABI.c normal arm64 c com.apple.compilers.llvm.clang.1_0.compiler]
  ignore line: [    cd /Users/fares-ben/Documents/tvsmiles-rta-cocos2dx/cocos2d/ios-build/CMakeFiles/CMakeTmp]
  ignore line: [    /Applications/Xcode.app/Contents/Developer/Toolchains/XcodeDefault.xctoolchain/usr/bin/clang -x c -target arm64-apple-ios13.2 -fmessage-length=0 -fdiagnostics-show-note-include-stack -fmacro-backtrace-limit=0 -Wno-trigraphs -fpascal-strings -O0 -Wno-missing-field-initializers -Wno-missing-prototypes -Wno-return-type -Wno-missing-braces -Wparentheses -Wswitch -Wno-unused-function -Wno-unused-label -Wno-unused-parameter -Wno-unused-variable -Wunused-value -Wno-empty-body -Wno-uninitialized -Wno-unknown-pragmas -Wno-shadow -Wno-four-char-constants -Wno-conversion -Wno-constant-conversion -Wno-int-conversion -Wno-bool-conversion -Wno-enum-conversion -Wno-float-conversion -Wno-non-literal-null-conversion -Wno-objc-literal-conversion -Wshorten-64-to-32 -Wpointer-sign -Wno-newline-eof -DCMAKE_INTDIR=\"Debug-iphoneos\" -isysroot /Applications/Xcode.app/Contents/Developer/Platforms/iPhoneOS.platform/Developer/SDKs/iPhoneOS13.2.sdk -fstrict-aliasing -Wdeprecated-declarations -g -Wno-sign-conversion -Wno-infinite-recursion -Wno-comma -Wno-block-capture-autoreleasing -Wno-strict-prototypes -Wno-semicolon-before-method-body -fembed-bitcode-marker -I/Users/fares-ben/Documents/tvsmiles-rta-cocos2dx/cocos2d/ios-build/CMakeFiles/CMakeTmp/Debug/include -I/Users/fares-ben/Documents/tvsmiles-rta-cocos2dx/cocos2d/ios-build/CMakeFiles/CMakeTmp/CMAKE_TRY_COMPILE.build/Debug-iphoneos/cmTC_44aad.build/DerivedSources-normal/arm64 -I/Users/fares-ben/Documents/tvsmiles-rta-cocos2dx/cocos2d/ios-build/CMakeFiles/CMakeTmp/CMAKE_TRY_COMPILE.build/Debug-iphoneos/cmTC_44aad.build/DerivedSources/arm64 -I/Users/fares-ben/Documents/tvsmiles-rta-cocos2dx/cocos2d/ios-build/CMakeFiles/CMakeTmp/CMAKE_TRY_COMPILE.build/Debug-iphoneos/cmTC_44aad.build/DerivedSources -Wmost -Wno-four-char-constants -Wno-unknown-pragmas -F/Users/fares-ben/Documents/tvsmiles-rta-cocos2dx/cocos2d/ios-build/CMakeFiles/CMakeTmp/Debug -v -Wl -v -MMD -MT dependencies -MF /Users/fares-ben/Documents/tvsmiles-rta-cocos2dx/cocos2d/ios-build/CMakeFiles/CMakeTmp/CMAKE_TRY_COMPILE.build/Debug-iphoneos/cmTC_44aad.build/Objects-normal/arm64/CMakeCCompilerABI.d --serialize-diagnostics /Users/fares-ben/Documents/tvsmiles-rta-cocos2dx/cocos2d/ios-build/CMakeFiles/CMakeTmp/CMAKE_TRY_COMPILE.build/Debug-iphoneos/cmTC_44aad.build/Objects-normal/arm64/CMakeCCompilerABI.dia -c /usr/local/Cellar/cmake/3.16.1/share/cmake/Modules/CMakeCCompilerABI.c -o /Users/fares-ben/Documents/tvsmiles-rta-cocos2dx/cocos2d/ios-build/CMakeFiles/CMakeTmp/CMAKE_TRY_COMPILE.build/Debug-iphoneos/cmTC_44aad.build/Objects-normal/arm64/CMakeCCompilerABI.o]
  ignore line: [Apple clang version 11.0.0 (clang-1100.0.33.12)]
  ignore line: [Target: arm64-apple-ios13.2]
  ignore line: [Thread model: posix]
  ignore line: [InstalledDir: /Applications/Xcode.app/Contents/Developer/Toolchains/XcodeDefault.xctoolchain/usr/bin]
  ignore line: [clang: warning: -Wl -v: 'linker' input unused [-Wunused-command-line-argument]]
  ignore line: [ "/Applications/Xcode.app/Contents/Developer/Toolchains/XcodeDefault.xctoolchain/usr/bin/clang" -cc1 -triple arm64-apple-ios13.2.0 -Wdeprecated-objc-isa-usage -Werror=deprecated-objc-isa-usage -Werror=implicit-function-declaration -emit-obj -fembed-bitcode=marker -fembed-bitcode=marker -disable-free -disable-llvm-verifier -discard-value-names -main-file-name CMakeCCompilerABI.c -mrelocation-model pic -pic-level 2 -mthread-model posix -mdisable-fp-elim -fno-strict-return -masm-verbose -munwind-tables -target-sdk-version=13.2 -target-cpu cyclone -target-feature +fp-armv8 -target-feature +neon -target-feature +crypto -target-feature +zcm -target-feature +zcz -target-feature +sha2 -target-feature +aes -target-abi darwinpcs -fallow-half-arguments-and-returns -dwarf-column-info -debug-info-kind=standalone -dwarf-version=4 -debugger-tuning=lldb -ggnu-pubnames -target-linker-version 520 -v -coverage-notes-file /Users/fares-ben/Documents/tvsmiles-rta-cocos2dx/cocos2d/ios-build/CMakeFiles/CMakeTmp/CMAKE_TRY_COMPILE.build/Debug-iphoneos/cmTC_44aad.build/Objects-normal/arm64/CMakeCCompilerABI.gcno -resource-dir /Applications/Xcode.app/Contents/Developer/Toolchains/XcodeDefault.xctoolchain/usr/lib/clang/11.0.0 -dependency-file /Users/fares-ben/Documents/tvsmiles-rta-cocos2dx/cocos2d/ios-build/CMakeFiles/CMakeTmp/CMAKE_TRY_COMPILE.build/Debug-iphoneos/cmTC_44aad.build/Objects-normal/arm64/CMakeCCompilerABI.d -skip-unused-modulemap-deps -MT dependencies -isysroot /Applications/Xcode.app/Contents/Developer/Platforms/iPhoneOS.platform/Developer/SDKs/iPhoneOS13.2.sdk -D "CMAKE_INTDIR=\"Debug-iphoneos\"" -I /Users/fares-ben/Documents/tvsmiles-rta-cocos2dx/cocos2d/ios-build/CMakeFiles/CMakeTmp/Debug/include -I /Users/fares-ben/Documents/tvsmiles-rta-cocos2dx/cocos2d/ios-build/CMakeFiles/CMakeTmp/CMAKE_TRY_COMPILE.build/Debug-iphoneos/cmTC_44aad.build/DerivedSources-normal/arm64 -I /Users/fares-ben/Documents/tvsmiles-rta-cocos2dx/cocos2d/ios-build/CMakeFiles/CMakeTmp/CMAKE_TRY_COMPILE.build/Debug-iphoneos/cmTC_44aad.build/DerivedSources/arm64 -I /Users/fares-ben/Documents/tvsmiles-rta-cocos2dx/cocos2d/ios-build/CMakeFiles/CMakeTmp/CMAKE_TRY_COMPILE.build/Debug-iphoneos/cmTC_44aad.build/DerivedSources -F/Users/fares-ben/Documents/tvsmiles-rta-cocos2dx/cocos2d/ios-build/CMakeFiles/CMakeTmp/Debug -O0 -Wno-trigraphs -Wno-missing-field-initializers -Wno-missing-prototypes -Wno-return-type -Wno-missing-braces -Wparentheses -Wswitch -Wno-unused-function -Wno-unused-label -Wno-unused-parameter -Wno-unused-variable -Wunused-value -Wno-empty-body -Wno-uninitialized -Wno-unknown-pragmas -Wno-shadow -Wno-four-char-constants -Wno-conversion -Wno-constant-conversion -Wno-int-conversion -Wno-bool-conversion -Wno-enum-conversion -Wno-float-conversion -Wno-non-literal-null-conversion -Wno-objc-literal-conversion -Wshorten-64-to-32 -Wpointer-sign -Wno-newline-eof -Wdeprecated-declarations -Wno-sign-conversion -Wno-infinite-recursion -Wno-comma -Wno-block-capture-autoreleasing -Wno-strict-prototypes -Wno-semicolon-before-method-body -Wmost -Wno-four-char-constants -Wno-unknown-pragmas -Wno-framework-include-private-from-public -Wno-atimport-in-framework-header -Wno-extra-semi-stmt -Wno-quoted-include-in-framework-header -fdebug-compilation-dir /Users/fares-ben/Documents/tvsmiles-rta-cocos2dx/cocos2d/ios-build/CMakeFiles/CMakeTmp -ferror-limit 19 -fmacro-backtrace-limit 0 -fmessage-length 0 -stack-protector 1 -fstack-check -mdarwin-stkchk-strong-link -fblocks -fencode-extended-block-signature -fregister-global-dtors-with-atexit -fobjc-runtime=ios-13.2.0 -fpascal-strings -fmax-type-align=16 -fdiagnostics-show-option -fdiagnostics-show-note-include-stack -serialize-diagnostic-file /Users/fares-ben/Documents/tvsmiles-rta-cocos2dx/cocos2d/ios-build/CMakeFiles/CMakeTmp/CMAKE_TRY_COMPILE.build/Debug-iphoneos/cmTC_44aad.build/Objects-normal/arm64/CMakeCCompilerABI.dia -o /Users/fares-ben/Documents/tvsmiles-rta-cocos2dx/cocos2d/ios-build/CMakeFiles/CMakeTmp/CMAKE_TRY_COMPILE.build/Debug-iphoneos/cmTC_44aad.build/Objects-normal/arm64/CMakeCCompilerABI.o -x c /usr/local/Cellar/cmake/3.16.1/share/cmake/Modules/CMakeCCompilerABI.c]
  ignore line: [clang -cc1 version 11.0.0 (clang-1100.0.33.12) default target x86_64-apple-darwin19.0.0]
  ignore line: [ignoring nonexistent directory "/Users/fares-ben/Documents/tvsmiles-rta-cocos2dx/cocos2d/ios-build/CMakeFiles/CMakeTmp/Debug/include"]
  ignore line: [ignoring nonexistent directory "/Users/fares-ben/Documents/tvsmiles-rta-cocos2dx/cocos2d/ios-build/CMakeFiles/CMakeTmp/CMAKE_TRY_COMPILE.build/Debug-iphoneos/cmTC_44aad.build/DerivedSources-normal/arm64"]
  ignore line: [ignoring nonexistent directory "/Users/fares-ben/Documents/tvsmiles-rta-cocos2dx/cocos2d/ios-build/CMakeFiles/CMakeTmp/CMAKE_TRY_COMPILE.build/Debug-iphoneos/cmTC_44aad.build/DerivedSources/arm64"]
  ignore line: [ignoring nonexistent directory "/Users/fares-ben/Documents/tvsmiles-rta-cocos2dx/cocos2d/ios-build/CMakeFiles/CMakeTmp/CMAKE_TRY_COMPILE.build/Debug-iphoneos/cmTC_44aad.build/DerivedSources"]
  ignore line: [ignoring nonexistent directory "/Users/fares-ben/Documents/tvsmiles-rta-cocos2dx/cocos2d/ios-build/CMakeFiles/CMakeTmp/Debug"]
  ignore line: [ignoring nonexistent directory "/Applications/Xcode.app/Contents/Developer/Platforms/iPhoneOS.platform/Developer/SDKs/iPhoneOS13.2.sdk/usr/local/include"]
  ignore line: [ignoring nonexistent directory "/Applications/Xcode.app/Contents/Developer/Platforms/iPhoneOS.platform/Developer/SDKs/iPhoneOS13.2.sdk/Library/Frameworks"]
  ignore line: [#include "..." search starts here:]
  ignore line: [#include <...> search starts here:]
  ignore line: [ /Applications/Xcode.app/Contents/Developer/Toolchains/XcodeDefault.xctoolchain/usr/lib/clang/11.0.0/include]
  ignore line: [ /Applications/Xcode.app/Contents/Developer/Toolchains/XcodeDefault.xctoolchain/usr/include]
  ignore line: [ /Applications/Xcode.app/Contents/Developer/Platforms/iPhoneOS.platform/Developer/SDKs/iPhoneOS13.2.sdk/usr/include]
  ignore line: [ /Applications/Xcode.app/Contents/Developer/Platforms/iPhoneOS.platform/Developer/SDKs/iPhoneOS13.2.sdk/System/Library/Frameworks (framework directory)]
  ignore line: [End of search list.]
  ignore line: []
  ignore line: [Libtool Debug/libcmTC_44aad.a normal arm64]
  ignore line: [    cd /Users/fares-ben/Documents/tvsmiles-rta-cocos2dx/cocos2d/ios-build/CMakeFiles/CMakeTmp]
  ignore line: [    /Applications/Xcode.app/Contents/Developer/Toolchains/XcodeDefault.xctoolchain/usr/bin/libtool -static -arch_only arm64 -D -syslibroot /Applications/Xcode.app/Contents/Developer/Platforms/iPhoneOS.platform/Developer/SDKs/iPhoneOS13.2.sdk -L/Users/fares-ben/Documents/tvsmiles-rta-cocos2dx/cocos2d/ios-build/CMakeFiles/CMakeTmp/Debug -filelist /Users/fares-ben/Documents/tvsmiles-rta-cocos2dx/cocos2d/ios-build/CMakeFiles/CMakeTmp/CMAKE_TRY_COMPILE.build/Debug-iphoneos/cmTC_44aad.build/Objects-normal/arm64/cmTC_44aad.LinkFileList -o /Users/fares-ben/Documents/tvsmiles-rta-cocos2dx/cocos2d/ios-build/CMakeFiles/CMakeTmp/Debug/libcmTC_44aad.a]
  ignore line: []
  ignore line: [** BUILD SUCCEEDED **]
  ignore line: []
  ignore line: []
  ignore line: []
  implicit libs: []
  implicit dirs: []
  implicit fwks: []


Determining if the CXX compiler works passed with the following output:
Change Dir: /Users/fares-ben/Documents/tvsmiles-rta-cocos2dx/cocos2d/ios-build/CMakeFiles/CMakeTmp

Run Build Command(s):/usr/bin/xcodebuild -project CMAKE_TRY_COMPILE.xcodeproj build -target cmTC_d94b5 -configuration Debug -hideShellScriptEnvironment && User defaults from command line:
    HideShellScriptEnvironment = YES

Prepare build
note: Using legacy build system
=== BUILD TARGET cmTC_d94b5 OF PROJECT CMAKE_TRY_COMPILE WITH CONFIGURATION Debug ===

Check dependencies

Write auxiliary files
/bin/mkdir -p /Users/fares-ben/Documents/tvsmiles-rta-cocos2dx/cocos2d/ios-build/CMakeFiles/CMakeTmp/CMAKE_TRY_COMPILE.build/Debug-iphoneos/cmTC_d94b5.build/Objects-normal/arm64
write-file /Users/fares-ben/Documents/tvsmiles-rta-cocos2dx/cocos2d/ios-build/CMakeFiles/CMakeTmp/CMAKE_TRY_COMPILE.build/Debug-iphoneos/cmTC_d94b5.build/Objects-normal/arm64/cmTC_d94b5.LinkFileList

CompileC CMAKE_TRY_COMPILE.build/Debug-iphoneos/cmTC_d94b5.build/Objects-normal/arm64/testCXXCompiler.o testCXXCompiler.cxx normal arm64 c++ com.apple.compilers.llvm.clang.1_0.compiler
    cd /Users/fares-ben/Documents/tvsmiles-rta-cocos2dx/cocos2d/ios-build/CMakeFiles/CMakeTmp
    /Applications/Xcode.app/Contents/Developer/Toolchains/XcodeDefault.xctoolchain/usr/bin/clang -x c++ -target arm64-apple-ios13.2 -fmessage-length=0 -fdiagnostics-show-note-include-stack -fmacro-backtrace-limit=0 -Wno-trigraphs -fpascal-strings -O0 -Wno-missing-field-initializers -Wno-missing-prototypes -Wno-return-type -Wno-non-virtual-dtor -Wno-overloaded-virtual -Wno-exit-time-destructors -Wno-missing-braces -Wparentheses -Wswitch -Wno-unused-function -Wno-unused-label -Wno-unused-parameter -Wno-unused-variable -Wunused-value -Wno-empty-body -Wno-uninitialized -Wno-unknown-pragmas -Wno-shadow -Wno-four-char-constants -Wno-conversion -Wno-constant-conversion -Wno-int-conversion -Wno-bool-conversion -Wno-enum-conversion -Wno-float-conversion -Wno-non-literal-null-conversion -Wno-objc-literal-conversion -Wshorten-64-to-32 -Wno-newline-eof -Wno-c++11-extensions -DCMAKE_INTDIR=\"Debug-iphoneos\" -isysroot /Applications/Xcode.app/Contents/Developer/Platforms/iPhoneOS.platform/Developer/SDKs/iPhoneOS13.2.sdk -fstrict-aliasing -Wdeprecated-declarations -Winvalid-offsetof -g -Wno-sign-conversion -Wno-infinite-recursion -Wno-move -Wno-comma -Wno-block-capture-autoreleasing -Wno-strict-prototypes -Wno-range-loop-analysis -Wno-semicolon-before-method-body -fembed-bitcode-marker -I/Users/fares-ben/Documents/tvsmiles-rta-cocos2dx/cocos2d/ios-build/CMakeFiles/CMakeTmp/Debug/include -I/Users/fares-ben/Documents/tvsmiles-rta-cocos2dx/cocos2d/ios-build/CMakeFiles/CMakeTmp/CMAKE_TRY_COMPILE.build/Debug-iphoneos/cmTC_d94b5.build/DerivedSources-normal/arm64 -I/Users/fares-ben/Documents/tvsmiles-rta-cocos2dx/cocos2d/ios-build/CMakeFiles/CMakeTmp/CMAKE_TRY_COMPILE.build/Debug-iphoneos/cmTC_d94b5.build/DerivedSources/arm64 -I/Users/fares-ben/Documents/tvsmiles-rta-cocos2dx/cocos2d/ios-build/CMakeFiles/CMakeTmp/CMAKE_TRY_COMPILE.build/Debug-iphoneos/cmTC_d94b5.build/DerivedSources -Wmost -Wno-four-char-constants -Wno-unknown-pragmas -F/Users/fares-ben/Documents/tvsmiles-rta-cocos2dx/cocos2d/ios-build/CMakeFiles/CMakeTmp/Debug -MMD -MT dependencies -MF /Users/fares-ben/Documents/tvsmiles-rta-cocos2dx/cocos2d/ios-build/CMakeFiles/CMakeTmp/CMAKE_TRY_COMPILE.build/Debug-iphoneos/cmTC_d94b5.build/Objects-normal/arm64/testCXXCompiler.d --serialize-diagnostics /Users/fares-ben/Documents/tvsmiles-rta-cocos2dx/cocos2d/ios-build/CMakeFiles/CMakeTmp/CMAKE_TRY_COMPILE.build/Debug-iphoneos/cmTC_d94b5.build/Objects-normal/arm64/testCXXCompiler.dia -c /Users/fares-ben/Documents/tvsmiles-rta-cocos2dx/cocos2d/ios-build/CMakeFiles/CMakeTmp/testCXXCompiler.cxx -o /Users/fares-ben/Documents/tvsmiles-rta-cocos2dx/cocos2d/ios-build/CMakeFiles/CMakeTmp/CMAKE_TRY_COMPILE.build/Debug-iphoneos/cmTC_d94b5.build/Objects-normal/arm64/testCXXCompiler.o

Libtool Debug/libcmTC_d94b5.a normal arm64
    cd /Users/fares-ben/Documents/tvsmiles-rta-cocos2dx/cocos2d/ios-build/CMakeFiles/CMakeTmp
    /Applications/Xcode.app/Contents/Developer/Toolchains/XcodeDefault.xctoolchain/usr/bin/libtool -static -arch_only arm64 -D -syslibroot /Applications/Xcode.app/Contents/Developer/Platforms/iPhoneOS.platform/Developer/SDKs/iPhoneOS13.2.sdk -L/Users/fares-ben/Documents/tvsmiles-rta-cocos2dx/cocos2d/ios-build/CMakeFiles/CMakeTmp/Debug -filelist /Users/fares-ben/Documents/tvsmiles-rta-cocos2dx/cocos2d/ios-build/CMakeFiles/CMakeTmp/CMAKE_TRY_COMPILE.build/Debug-iphoneos/cmTC_d94b5.build/Objects-normal/arm64/cmTC_d94b5.LinkFileList -o /Users/fares-ben/Documents/tvsmiles-rta-cocos2dx/cocos2d/ios-build/CMakeFiles/CMakeTmp/Debug/libcmTC_d94b5.a

** BUILD SUCCEEDED **




Detecting CXX compiler ABI info compiled with the following output:
Change Dir: /Users/fares-ben/Documents/tvsmiles-rta-cocos2dx/cocos2d/ios-build/CMakeFiles/CMakeTmp

Run Build Command(s):/usr/bin/xcodebuild -project CMAKE_TRY_COMPILE.xcodeproj build -target cmTC_780d0 -configuration Debug -hideShellScriptEnvironment && User defaults from command line:
    HideShellScriptEnvironment = YES

Prepare build
note: Using legacy build system
=== BUILD TARGET cmTC_780d0 OF PROJECT CMAKE_TRY_COMPILE WITH CONFIGURATION Debug ===

Check dependencies

Write auxiliary files
/bin/mkdir -p /Users/fares-ben/Documents/tvsmiles-rta-cocos2dx/cocos2d/ios-build/CMakeFiles/CMakeTmp/CMAKE_TRY_COMPILE.build/Debug-iphoneos/cmTC_780d0.build/Objects-normal/arm64
write-file /Users/fares-ben/Documents/tvsmiles-rta-cocos2dx/cocos2d/ios-build/CMakeFiles/CMakeTmp/CMAKE_TRY_COMPILE.build/Debug-iphoneos/cmTC_780d0.build/Objects-normal/arm64/cmTC_780d0.LinkFileList

CompileC CMAKE_TRY_COMPILE.build/Debug-iphoneos/cmTC_780d0.build/Objects-normal/arm64/CMakeCXXCompilerABI.o /usr/local/Cellar/cmake/3.16.1/share/cmake/Modules/CMakeCXXCompilerABI.cpp normal arm64 c++ com.apple.compilers.llvm.clang.1_0.compiler
    cd /Users/fares-ben/Documents/tvsmiles-rta-cocos2dx/cocos2d/ios-build/CMakeFiles/CMakeTmp
    /Applications/Xcode.app/Contents/Developer/Toolchains/XcodeDefault.xctoolchain/usr/bin/clang -x c++ -target arm64-apple-ios13.2 -fmessage-length=0 -fdiagnostics-show-note-include-stack -fmacro-backtrace-limit=0 -Wno-trigraphs -fpascal-strings -O0 -Wno-missing-field-initializers -Wno-missing-prototypes -Wno-return-type -Wno-non-virtual-dtor -Wno-overloaded-virtual -Wno-exit-time-destructors -Wno-missing-braces -Wparentheses -Wswitch -Wno-unused-function -Wno-unused-label -Wno-unused-parameter -Wno-unused-variable -Wunused-value -Wno-empty-body -Wno-uninitialized -Wno-unknown-pragmas -Wno-shadow -Wno-four-char-constants -Wno-conversion -Wno-constant-conversion -Wno-int-conversion -Wno-bool-conversion -Wno-enum-conversion -Wno-float-conversion -Wno-non-literal-null-conversion -Wno-objc-literal-conversion -Wshorten-64-to-32 -Wno-newline-eof -Wno-c++11-extensions -DCMAKE_INTDIR=\"Debug-iphoneos\" -isysroot /Applications/Xcode.app/Contents/Developer/Platforms/iPhoneOS.platform/Developer/SDKs/iPhoneOS13.2.sdk -fstrict-aliasing -Wdeprecated-declarations -Winvalid-offsetof -g -Wno-sign-conversion -Wno-infinite-recursion -Wno-move -Wno-comma -Wno-block-capture-autoreleasing -Wno-strict-prototypes -Wno-range-loop-analysis -Wno-semicolon-before-method-body -fembed-bitcode-marker -I/Users/fares-ben/Documents/tvsmiles-rta-cocos2dx/cocos2d/ios-build/CMakeFiles/CMakeTmp/Debug/include -I/Users/fares-ben/Documents/tvsmiles-rta-cocos2dx/cocos2d/ios-build/CMakeFiles/CMakeTmp/CMAKE_TRY_COMPILE.build/Debug-iphoneos/cmTC_780d0.build/DerivedSources-normal/arm64 -I/Users/fares-ben/Documents/tvsmiles-rta-cocos2dx/cocos2d/ios-build/CMakeFiles/CMakeTmp/CMAKE_TRY_COMPILE.build/Debug-iphoneos/cmTC_780d0.build/DerivedSources/arm64 -I/Users/fares-ben/Documents/tvsmiles-rta-cocos2dx/cocos2d/ios-build/CMakeFiles/CMakeTmp/CMAKE_TRY_COMPILE.build/Debug-iphoneos/cmTC_780d0.build/DerivedSources -Wmost -Wno-four-char-constants -Wno-unknown-pragmas -F/Users/fares-ben/Documents/tvsmiles-rta-cocos2dx/cocos2d/ios-build/CMakeFiles/CMakeTmp/Debug -v -Wl,-v -MMD -MT dependencies -MF /Users/fares-ben/Documents/tvsmiles-rta-cocos2dx/cocos2d/ios-build/CMakeFiles/CMakeTmp/CMAKE_TRY_COMPILE.build/Debug-iphoneos/cmTC_780d0.build/Objects-normal/arm64/CMakeCXXCompilerABI.d --serialize-diagnostics /Users/fares-ben/Documents/tvsmiles-rta-cocos2dx/cocos2d/ios-build/CMakeFiles/CMakeTmp/CMAKE_TRY_COMPILE.build/Debug-iphoneos/cmTC_780d0.build/Objects-normal/arm64/CMakeCXXCompilerABI.dia -c /usr/local/Cellar/cmake/3.16.1/share/cmake/Modules/CMakeCXXCompilerABI.cpp -o /Users/fares-ben/Documents/tvsmiles-rta-cocos2dx/cocos2d/ios-build/CMakeFiles/CMakeTmp/CMAKE_TRY_COMPILE.build/Debug-iphoneos/cmTC_780d0.build/Objects-normal/arm64/CMakeCXXCompilerABI.o
Apple clang version 11.0.0 (clang-1100.0.33.12)
Target: arm64-apple-ios13.2
Thread model: posix
InstalledDir: /Applications/Xcode.app/Contents/Developer/Toolchains/XcodeDefault.xctoolchain/usr/bin
clang: warning: -Wl,-v: 'linker' input unused [-Wunused-command-line-argument]
 "/Applications/Xcode.app/Contents/Developer/Toolchains/XcodeDefault.xctoolchain/usr/bin/clang" -cc1 -triple arm64-apple-ios13.2.0 -Wdeprecated-objc-isa-usage -Werror=deprecated-objc-isa-usage -Werror=implicit-function-declaration -emit-obj -fembed-bitcode=marker -fembed-bitcode=marker -disable-free -disable-llvm-verifier -discard-value-names -main-file-name CMakeCXXCompilerABI.cpp -mrelocation-model pic -pic-level 2 -mthread-model posix -mdisable-fp-elim -fno-strict-return -masm-verbose -munwind-tables -target-sdk-version=13.2 -target-cpu cyclone -target-feature +fp-armv8 -target-feature +neon -target-feature +crypto -target-feature +zcm -target-feature +zcz -target-feature +sha2 -target-feature +aes -target-abi darwinpcs -fallow-half-arguments-and-returns -dwarf-column-info -debug-info-kind=standalone -dwarf-version=4 -debugger-tuning=lldb -ggnu-pubnames -target-linker-version 520 -v -coverage-notes-file /Users/fares-ben/Documents/tvsmiles-rta-cocos2dx/cocos2d/ios-build/CMakeFiles/CMakeTmp/CMAKE_TRY_COMPILE.build/Debug-iphoneos/cmTC_780d0.build/Objects-normal/arm64/CMakeCXXCompilerABI.gcno -resource-dir /Applications/Xcode.app/Contents/Developer/Toolchains/XcodeDefault.xctoolchain/usr/lib/clang/11.0.0 -dependency-file /Users/fares-ben/Documents/tvsmiles-rta-cocos2dx/cocos2d/ios-build/CMakeFiles/CMakeTmp/CMAKE_TRY_COMPILE.build/Debug-iphoneos/cmTC_780d0.build/Objects-normal/arm64/CMakeCXXCompilerABI.d -skip-unused-modulemap-deps -MT dependencies -isysroot /Applications/Xcode.app/Contents/Developer/Platforms/iPhoneOS.platform/Developer/SDKs/iPhoneOS13.2.sdk -D "CMAKE_INTDIR=\"Debug-iphoneos\"" -I /Users/fares-ben/Documents/tvsmiles-rta-cocos2dx/cocos2d/ios-build/CMakeFiles/CMakeTmp/Debug/include -I /Users/fares-ben/Documents/tvsmiles-rta-cocos2dx/cocos2d/ios-build/CMakeFiles/CMakeTmp/CMAKE_TRY_COMPILE.build/Debug-iphoneos/cmTC_780d0.build/DerivedSources-normal/arm64 -I /Users/fares-ben/Documents/tvsmiles-rta-cocos2dx/cocos2d/ios-build/CMakeFiles/CMakeTmp/CMAKE_TRY_COMPILE.build/Debug-iphoneos/cmTC_780d0.build/DerivedSources/arm64 -I /Users/fares-ben/Documents/tvsmiles-rta-cocos2dx/cocos2d/ios-build/CMakeFiles/CMakeTmp/CMAKE_TRY_COMPILE.build/Debug-iphoneos/cmTC_780d0.build/DerivedSources -F/Users/fares-ben/Documents/tvsmiles-rta-cocos2dx/cocos2d/ios-build/CMakeFiles/CMakeTmp/Debug -stdlib=libc++ -internal-isystem /Applications/Xcode.app/Contents/Developer/Toolchains/XcodeDefault.xctoolchain/usr/bin/../include/c++/v1 -O0 -Wno-trigraphs -Wno-missing-field-initializers -Wno-missing-prototypes -Wno-return-type -Wno-non-virtual-dtor -Wno-overloaded-virtual -Wno-exit-time-destructors -Wno-missing-braces -Wparentheses -Wswitch -Wno-unused-function -Wno-unused-label -Wno-unused-parameter -Wno-unused-variable -Wunused-value -Wno-empty-body -Wno-uninitialized -Wno-unknown-pragmas -Wno-shadow -Wno-four-char-constants -Wno-conversion -Wno-constant-conversion -Wno-int-conversion -Wno-bool-conversion -Wno-enum-conversion -Wno-float-conversion -Wno-non-literal-null-conversion -Wno-objc-literal-conversion -Wshorten-64-to-32 -Wno-newline-eof -Wno-c++11-extensions -Wdeprecated-declarations -Winvalid-offsetof -Wno-sign-conversion -Wno-infinite-recursion -Wno-move -Wno-comma -Wno-block-capture-autoreleasing -Wno-strict-prototypes -Wno-range-loop-analysis -Wno-semicolon-before-method-body -Wmost -Wno-four-char-constants -Wno-unknown-pragmas -Wno-framework-include-private-from-public -Wno-atimport-in-framework-header -Wno-extra-semi-stmt -Wno-quoted-include-in-framework-header -fdeprecated-macro -fdebug-compilation-dir /Users/fares-ben/Documents/tvsmiles-rta-cocos2dx/cocos2d/ios-build/CMakeFiles/CMakeTmp -ferror-limit 19 -fmacro-backtrace-limit 0 -fmessage-length 0 -stack-protector 1 -fstack-check -mdarwin-stkchk-strong-link -fblocks -fencode-extended-block-signature -fregister-global-dtors-with-atexit -fobjc-runtime=ios-13.2.0 -fcxx-exceptions -fexceptions -fpascal-strings -fmax-type-align=16 -fdiagnostics-show-option -fdiagnostics-show-note-include-stack -serialize-diagnostic-file /Users/fares-ben/Documents/tvsmiles-rta-cocos2dx/cocos2d/ios-build/CMakeFiles/CMakeTmp/CMAKE_TRY_COMPILE.build/Debug-iphoneos/cmTC_780d0.build/Objects-normal/arm64/CMakeCXXCompilerABI.dia -o /Users/fares-ben/Documents/tvsmiles-rta-cocos2dx/cocos2d/ios-build/CMakeFiles/CMakeTmp/CMAKE_TRY_COMPILE.build/Debug-iphoneos/cmTC_780d0.build/Objects-normal/arm64/CMakeCXXCompilerABI.o -x c++ /usr/local/Cellar/cmake/3.16.1/share/cmake/Modules/CMakeCXXCompilerABI.cpp
clang -cc1 version 11.0.0 (clang-1100.0.33.12) default target x86_64-apple-darwin19.0.0
ignoring nonexistent directory "/Users/fares-ben/Documents/tvsmiles-rta-cocos2dx/cocos2d/ios-build/CMakeFiles/CMakeTmp/Debug/include"
ignoring nonexistent directory "/Users/fares-ben/Documents/tvsmiles-rta-cocos2dx/cocos2d/ios-build/CMakeFiles/CMakeTmp/CMAKE_TRY_COMPILE.build/Debug-iphoneos/cmTC_780d0.build/DerivedSources-normal/arm64"
ignoring nonexistent directory "/Users/fares-ben/Documents/tvsmiles-rta-cocos2dx/cocos2d/ios-build/CMakeFiles/CMakeTmp/CMAKE_TRY_COMPILE.build/Debug-iphoneos/cmTC_780d0.build/DerivedSources/arm64"
ignoring nonexistent directory "/Users/fares-ben/Documents/tvsmiles-rta-cocos2dx/cocos2d/ios-build/CMakeFiles/CMakeTmp/CMAKE_TRY_COMPILE.build/Debug-iphoneos/cmTC_780d0.build/DerivedSources"
ignoring nonexistent directory "/Users/fares-ben/Documents/tvsmiles-rta-cocos2dx/cocos2d/ios-build/CMakeFiles/CMakeTmp/Debug"
ignoring nonexistent directory "/Applications/Xcode.app/Contents/Developer/Platforms/iPhoneOS.platform/Developer/SDKs/iPhoneOS13.2.sdk/usr/include/c++/v1"
ignoring nonexistent directory "/Applications/Xcode.app/Contents/Developer/Platforms/iPhoneOS.platform/Developer/SDKs/iPhoneOS13.2.sdk/usr/local/include"
ignoring nonexistent directory "/Applications/Xcode.app/Contents/Developer/Platforms/iPhoneOS.platform/Developer/SDKs/iPhoneOS13.2.sdk/Library/Frameworks"
#include "..." search starts here:
#include <...> search starts here:
 /Applications/Xcode.app/Contents/Developer/Toolchains/XcodeDefault.xctoolchain/usr/bin/../include/c++/v1
 /Applications/Xcode.app/Contents/Developer/Toolchains/XcodeDefault.xctoolchain/usr/lib/clang/11.0.0/include
 /Applications/Xcode.app/Contents/Developer/Toolchains/XcodeDefault.xctoolchain/usr/include
 /Applications/Xcode.app/Contents/Developer/Platforms/iPhoneOS.platform/Developer/SDKs/iPhoneOS13.2.sdk/usr/include
 /Applications/Xcode.app/Contents/Developer/Platforms/iPhoneOS.platform/Developer/SDKs/iPhoneOS13.2.sdk/System/Library/Frameworks (framework directory)
End of search list.

Libtool Debug/libcmTC_780d0.a normal arm64
    cd /Users/fares-ben/Documents/tvsmiles-rta-cocos2dx/cocos2d/ios-build/CMakeFiles/CMakeTmp
    /Applications/Xcode.app/Contents/Developer/Toolchains/XcodeDefault.xctoolchain/usr/bin/libtool -static -arch_only arm64 -D -syslibroot /Applications/Xcode.app/Contents/Developer/Platforms/iPhoneOS.platform/Developer/SDKs/iPhoneOS13.2.sdk -L/Users/fares-ben/Documents/tvsmiles-rta-cocos2dx/cocos2d/ios-build/CMakeFiles/CMakeTmp/Debug -filelist /Users/fares-ben/Documents/tvsmiles-rta-cocos2dx/cocos2d/ios-build/CMakeFiles/CMakeTmp/CMAKE_TRY_COMPILE.build/Debug-iphoneos/cmTC_780d0.build/Objects-normal/arm64/cmTC_780d0.LinkFileList -o /Users/fares-ben/Documents/tvsmiles-rta-cocos2dx/cocos2d/ios-build/CMakeFiles/CMakeTmp/Debug/libcmTC_780d0.a

** BUILD SUCCEEDED **




Parsed CXX implicit include dir info from above output: rv=done
  found start of include info
  found start of implicit include info
    add: [/Applications/Xcode.app/Contents/Developer/Toolchains/XcodeDefault.xctoolchain/usr/bin/../include/c++/v1]
    add: [/Applications/Xcode.app/Contents/Developer/Toolchains/XcodeDefault.xctoolchain/usr/lib/clang/11.0.0/include]
    add: [/Applications/Xcode.app/Contents/Developer/Toolchains/XcodeDefault.xctoolchain/usr/include]
    add: [/Applications/Xcode.app/Contents/Developer/Platforms/iPhoneOS.platform/Developer/SDKs/iPhoneOS13.2.sdk/usr/include]
  end of search list found
  collapse include dir [/Applications/Xcode.app/Contents/Developer/Toolchains/XcodeDefault.xctoolchain/usr/bin/../include/c++/v1] ==> [/Applications/Xcode.app/Contents/Developer/Toolchains/XcodeDefault.xctoolchain/usr/include/c++/v1]
  collapse include dir [/Applications/Xcode.app/Contents/Developer/Toolchains/XcodeDefault.xctoolchain/usr/lib/clang/11.0.0/include] ==> [/Applications/Xcode.app/Contents/Developer/Toolchains/XcodeDefault.xctoolchain/usr/lib/clang/11.0.0/include]
  collapse include dir [/Applications/Xcode.app/Contents/Developer/Toolchains/XcodeDefault.xctoolchain/usr/include] ==> [/Applications/Xcode.app/Contents/Developer/Toolchains/XcodeDefault.xctoolchain/usr/include]
  collapse include dir [/Applications/Xcode.app/Contents/Developer/Platforms/iPhoneOS.platform/Developer/SDKs/iPhoneOS13.2.sdk/usr/include] ==> [/Applications/Xcode.app/Contents/Developer/Platforms/iPhoneOS.platform/Developer/SDKs/iPhoneOS13.2.sdk/usr/include]
  implicit include dirs: [/Applications/Xcode.app/Contents/Developer/Toolchains/XcodeDefault.xctoolchain/usr/include/c++/v1;/Applications/Xcode.app/Contents/Developer/Toolchains/XcodeDefault.xctoolchain/usr/lib/clang/11.0.0/include;/Applications/Xcode.app/Contents/Developer/Toolchains/XcodeDefault.xctoolchain/usr/include;/Applications/Xcode.app/Contents/Developer/Platforms/iPhoneOS.platform/Developer/SDKs/iPhoneOS13.2.sdk/usr/include]


Parsed CXX implicit link information from above output:
  link line regex: [^( *|.*[/\])(ld|CMAKE_LINK_STARTFILE-NOTFOUND|([^/\]+-)?ld|collect2)[^/\]*( |$)]
  ignore line: [Change Dir: /Users/fares-ben/Documents/tvsmiles-rta-cocos2dx/cocos2d/ios-build/CMakeFiles/CMakeTmp]
  ignore line: []
  ignore line: [Run Build Command(s):/usr/bin/xcodebuild -project CMAKE_TRY_COMPILE.xcodeproj build -target cmTC_780d0 -configuration Debug -hideShellScriptEnvironment && User defaults from command line:]
  ignore line: [    HideShellScriptEnvironment = YES]
  ignore line: []
  ignore line: [Prepare build]
  ignore line: [note: Using legacy build system]
  ignore line: [=== BUILD TARGET cmTC_780d0 OF PROJECT CMAKE_TRY_COMPILE WITH CONFIGURATION Debug ===]
  ignore line: []
  ignore line: [Check dependencies]
  ignore line: []
  ignore line: [Write auxiliary files]
  ignore line: [/bin/mkdir -p /Users/fares-ben/Documents/tvsmiles-rta-cocos2dx/cocos2d/ios-build/CMakeFiles/CMakeTmp/CMAKE_TRY_COMPILE.build/Debug-iphoneos/cmTC_780d0.build/Objects-normal/arm64]
  ignore line: [write-file /Users/fares-ben/Documents/tvsmiles-rta-cocos2dx/cocos2d/ios-build/CMakeFiles/CMakeTmp/CMAKE_TRY_COMPILE.build/Debug-iphoneos/cmTC_780d0.build/Objects-normal/arm64/cmTC_780d0.LinkFileList]
  ignore line: []
  ignore line: [CompileC CMAKE_TRY_COMPILE.build/Debug-iphoneos/cmTC_780d0.build/Objects-normal/arm64/CMakeCXXCompilerABI.o /usr/local/Cellar/cmake/3.16.1/share/cmake/Modules/CMakeCXXCompilerABI.cpp normal arm64 c++ com.apple.compilers.llvm.clang.1_0.compiler]
  ignore line: [    cd /Users/fares-ben/Documents/tvsmiles-rta-cocos2dx/cocos2d/ios-build/CMakeFiles/CMakeTmp]
  ignore line: [    /Applications/Xcode.app/Contents/Developer/Toolchains/XcodeDefault.xctoolchain/usr/bin/clang -x c++ -target arm64-apple-ios13.2 -fmessage-length=0 -fdiagnostics-show-note-include-stack -fmacro-backtrace-limit=0 -Wno-trigraphs -fpascal-strings -O0 -Wno-missing-field-initializers -Wno-missing-prototypes -Wno-return-type -Wno-non-virtual-dtor -Wno-overloaded-virtual -Wno-exit-time-destructors -Wno-missing-braces -Wparentheses -Wswitch -Wno-unused-function -Wno-unused-label -Wno-unused-parameter -Wno-unused-variable -Wunused-value -Wno-empty-body -Wno-uninitialized -Wno-unknown-pragmas -Wno-shadow -Wno-four-char-constants -Wno-conversion -Wno-constant-conversion -Wno-int-conversion -Wno-bool-conversion -Wno-enum-conversion -Wno-float-conversion -Wno-non-literal-null-conversion -Wno-objc-literal-conversion -Wshorten-64-to-32 -Wno-newline-eof -Wno-c++11-extensions -DCMAKE_INTDIR=\"Debug-iphoneos\" -isysroot /Applications/Xcode.app/Contents/Developer/Platforms/iPhoneOS.platform/Developer/SDKs/iPhoneOS13.2.sdk -fstrict-aliasing -Wdeprecated-declarations -Winvalid-offsetof -g -Wno-sign-conversion -Wno-infinite-recursion -Wno-move -Wno-comma -Wno-block-capture-autoreleasing -Wno-strict-prototypes -Wno-range-loop-analysis -Wno-semicolon-before-method-body -fembed-bitcode-marker -I/Users/fares-ben/Documents/tvsmiles-rta-cocos2dx/cocos2d/ios-build/CMakeFiles/CMakeTmp/Debug/include -I/Users/fares-ben/Documents/tvsmiles-rta-cocos2dx/cocos2d/ios-build/CMakeFiles/CMakeTmp/CMAKE_TRY_COMPILE.build/Debug-iphoneos/cmTC_780d0.build/DerivedSources-normal/arm64 -I/Users/fares-ben/Documents/tvsmiles-rta-cocos2dx/cocos2d/ios-build/CMakeFiles/CMakeTmp/CMAKE_TRY_COMPILE.build/Debug-iphoneos/cmTC_780d0.build/DerivedSources/arm64 -I/Users/fares-ben/Documents/tvsmiles-rta-cocos2dx/cocos2d/ios-build/CMakeFiles/CMakeTmp/CMAKE_TRY_COMPILE.build/Debug-iphoneos/cmTC_780d0.build/DerivedSources -Wmost -Wno-four-char-constants -Wno-unknown-pragmas -F/Users/fares-ben/Documents/tvsmiles-rta-cocos2dx/cocos2d/ios-build/CMakeFiles/CMakeTmp/Debug -v -Wl -v -MMD -MT dependencies -MF /Users/fares-ben/Documents/tvsmiles-rta-cocos2dx/cocos2d/ios-build/CMakeFiles/CMakeTmp/CMAKE_TRY_COMPILE.build/Debug-iphoneos/cmTC_780d0.build/Objects-normal/arm64/CMakeCXXCompilerABI.d --serialize-diagnostics /Users/fares-ben/Documents/tvsmiles-rta-cocos2dx/cocos2d/ios-build/CMakeFiles/CMakeTmp/CMAKE_TRY_COMPILE.build/Debug-iphoneos/cmTC_780d0.build/Objects-normal/arm64/CMakeCXXCompilerABI.dia -c /usr/local/Cellar/cmake/3.16.1/share/cmake/Modules/CMakeCXXCompilerABI.cpp -o /Users/fares-ben/Documents/tvsmiles-rta-cocos2dx/cocos2d/ios-build/CMakeFiles/CMakeTmp/CMAKE_TRY_COMPILE.build/Debug-iphoneos/cmTC_780d0.build/Objects-normal/arm64/CMakeCXXCompilerABI.o]
  ignore line: [Apple clang version 11.0.0 (clang-1100.0.33.12)]
  ignore line: [Target: arm64-apple-ios13.2]
  ignore line: [Thread model: posix]
  ignore line: [InstalledDir: /Applications/Xcode.app/Contents/Developer/Toolchains/XcodeDefault.xctoolchain/usr/bin]
  ignore line: [clang: warning: -Wl -v: 'linker' input unused [-Wunused-command-line-argument]]
  ignore line: [ "/Applications/Xcode.app/Contents/Developer/Toolchains/XcodeDefault.xctoolchain/usr/bin/clang" -cc1 -triple arm64-apple-ios13.2.0 -Wdeprecated-objc-isa-usage -Werror=deprecated-objc-isa-usage -Werror=implicit-function-declaration -emit-obj -fembed-bitcode=marker -fembed-bitcode=marker -disable-free -disable-llvm-verifier -discard-value-names -main-file-name CMakeCXXCompilerABI.cpp -mrelocation-model pic -pic-level 2 -mthread-model posix -mdisable-fp-elim -fno-strict-return -masm-verbose -munwind-tables -target-sdk-version=13.2 -target-cpu cyclone -target-feature +fp-armv8 -target-feature +neon -target-feature +crypto -target-feature +zcm -target-feature +zcz -target-feature +sha2 -target-feature +aes -target-abi darwinpcs -fallow-half-arguments-and-returns -dwarf-column-info -debug-info-kind=standalone -dwarf-version=4 -debugger-tuning=lldb -ggnu-pubnames -target-linker-version 520 -v -coverage-notes-file /Users/fares-ben/Documents/tvsmiles-rta-cocos2dx/cocos2d/ios-build/CMakeFiles/CMakeTmp/CMAKE_TRY_COMPILE.build/Debug-iphoneos/cmTC_780d0.build/Objects-normal/arm64/CMakeCXXCompilerABI.gcno -resource-dir /Applications/Xcode.app/Contents/Developer/Toolchains/XcodeDefault.xctoolchain/usr/lib/clang/11.0.0 -dependency-file /Users/fares-ben/Documents/tvsmiles-rta-cocos2dx/cocos2d/ios-build/CMakeFiles/CMakeTmp/CMAKE_TRY_COMPILE.build/Debug-iphoneos/cmTC_780d0.build/Objects-normal/arm64/CMakeCXXCompilerABI.d -skip-unused-modulemap-deps -MT dependencies -isysroot /Applications/Xcode.app/Contents/Developer/Platforms/iPhoneOS.platform/Developer/SDKs/iPhoneOS13.2.sdk -D "CMAKE_INTDIR=\"Debug-iphoneos\"" -I /Users/fares-ben/Documents/tvsmiles-rta-cocos2dx/cocos2d/ios-build/CMakeFiles/CMakeTmp/Debug/include -I /Users/fares-ben/Documents/tvsmiles-rta-cocos2dx/cocos2d/ios-build/CMakeFiles/CMakeTmp/CMAKE_TRY_COMPILE.build/Debug-iphoneos/cmTC_780d0.build/DerivedSources-normal/arm64 -I /Users/fares-ben/Documents/tvsmiles-rta-cocos2dx/cocos2d/ios-build/CMakeFiles/CMakeTmp/CMAKE_TRY_COMPILE.build/Debug-iphoneos/cmTC_780d0.build/DerivedSources/arm64 -I /Users/fares-ben/Documents/tvsmiles-rta-cocos2dx/cocos2d/ios-build/CMakeFiles/CMakeTmp/CMAKE_TRY_COMPILE.build/Debug-iphoneos/cmTC_780d0.build/DerivedSources -F/Users/fares-ben/Documents/tvsmiles-rta-cocos2dx/cocos2d/ios-build/CMakeFiles/CMakeTmp/Debug -stdlib=libc++ -internal-isystem /Applications/Xcode.app/Contents/Developer/Toolchains/XcodeDefault.xctoolchain/usr/bin/../include/c++/v1 -O0 -Wno-trigraphs -Wno-missing-field-initializers -Wno-missing-prototypes -Wno-return-type -Wno-non-virtual-dtor -Wno-overloaded-virtual -Wno-exit-time-destructors -Wno-missing-braces -Wparentheses -Wswitch -Wno-unused-function -Wno-unused-label -Wno-unused-parameter -Wno-unused-variable -Wunused-value -Wno-empty-body -Wno-uninitialized -Wno-unknown-pragmas -Wno-shadow -Wno-four-char-constants -Wno-conversion -Wno-constant-conversion -Wno-int-conversion -Wno-bool-conversion -Wno-enum-conversion -Wno-float-conversion -Wno-non-literal-null-conversion -Wno-objc-literal-conversion -Wshorten-64-to-32 -Wno-newline-eof -Wno-c++11-extensions -Wdeprecated-declarations -Winvalid-offsetof -Wno-sign-conversion -Wno-infinite-recursion -Wno-move -Wno-comma -Wno-block-capture-autoreleasing -Wno-strict-prototypes -Wno-range-loop-analysis -Wno-semicolon-before-method-body -Wmost -Wno-four-char-constants -Wno-unknown-pragmas -Wno-framework-include-private-from-public -Wno-atimport-in-framework-header -Wno-extra-semi-stmt -Wno-quoted-include-in-framework-header -fdeprecated-macro -fdebug-compilation-dir /Users/fares-ben/Documents/tvsmiles-rta-cocos2dx/cocos2d/ios-build/CMakeFiles/CMakeTmp -ferror-limit 19 -fmacro-backtrace-limit 0 -fmessage-length 0 -stack-protector 1 -fstack-check -mdarwin-stkchk-strong-link -fblocks -fencode-extended-block-signature -fregister-global-dtors-with-atexit -fobjc-runtime=ios-13.2.0 -fcxx-exceptions -fexceptions -fpascal-strings -fmax-type-align=16 -fdiagnostics-show-option -fdiagnostics-show-note-include-stack -serialize-diagnostic-file /Users/fares-ben/Documents/tvsmiles-rta-cocos2dx/cocos2d/ios-build/CMakeFiles/CMakeTmp/CMAKE_TRY_COMPILE.build/Debug-iphoneos/cmTC_780d0.build/Objects-normal/arm64/CMakeCXXCompilerABI.dia -o /Users/fares-ben/Documents/tvsmiles-rta-cocos2dx/cocos2d/ios-build/CMakeFiles/CMakeTmp/CMAKE_TRY_COMPILE.build/Debug-iphoneos/cmTC_780d0.build/Objects-normal/arm64/CMakeCXXCompilerABI.o -x c++ /usr/local/Cellar/cmake/3.16.1/share/cmake/Modules/CMakeCXXCompilerABI.cpp]
  ignore line: [clang -cc1 version 11.0.0 (clang-1100.0.33.12) default target x86_64-apple-darwin19.0.0]
  ignore line: [ignoring nonexistent directory "/Users/fares-ben/Documents/tvsmiles-rta-cocos2dx/cocos2d/ios-build/CMakeFiles/CMakeTmp/Debug/include"]
  ignore line: [ignoring nonexistent directory "/Users/fares-ben/Documents/tvsmiles-rta-cocos2dx/cocos2d/ios-build/CMakeFiles/CMakeTmp/CMAKE_TRY_COMPILE.build/Debug-iphoneos/cmTC_780d0.build/DerivedSources-normal/arm64"]
  ignore line: [ignoring nonexistent directory "/Users/fares-ben/Documents/tvsmiles-rta-cocos2dx/cocos2d/ios-build/CMakeFiles/CMakeTmp/CMAKE_TRY_COMPILE.build/Debug-iphoneos/cmTC_780d0.build/DerivedSources/arm64"]
  ignore line: [ignoring nonexistent directory "/Users/fares-ben/Documents/tvsmiles-rta-cocos2dx/cocos2d/ios-build/CMakeFiles/CMakeTmp/CMAKE_TRY_COMPILE.build/Debug-iphoneos/cmTC_780d0.build/DerivedSources"]
  ignore line: [ignoring nonexistent directory "/Users/fares-ben/Documents/tvsmiles-rta-cocos2dx/cocos2d/ios-build/CMakeFiles/CMakeTmp/Debug"]
  ignore line: [ignoring nonexistent directory "/Applications/Xcode.app/Contents/Developer/Platforms/iPhoneOS.platform/Developer/SDKs/iPhoneOS13.2.sdk/usr/include/c++/v1"]
  ignore line: [ignoring nonexistent directory "/Applications/Xcode.app/Contents/Developer/Platforms/iPhoneOS.platform/Developer/SDKs/iPhoneOS13.2.sdk/usr/local/include"]
  ignore line: [ignoring nonexistent directory "/Applications/Xcode.app/Contents/Developer/Platforms/iPhoneOS.platform/Developer/SDKs/iPhoneOS13.2.sdk/Library/Frameworks"]
  ignore line: [#include "..." search starts here:]
  ignore line: [#include <...> search starts here:]
  ignore line: [ /Applications/Xcode.app/Contents/Developer/Toolchains/XcodeDefault.xctoolchain/usr/bin/../include/c++/v1]
  ignore line: [ /Applications/Xcode.app/Contents/Developer/Toolchains/XcodeDefault.xctoolchain/usr/lib/clang/11.0.0/include]
  ignore line: [ /Applications/Xcode.app/Contents/Developer/Toolchains/XcodeDefault.xctoolchain/usr/include]
  ignore line: [ /Applications/Xcode.app/Contents/Developer/Platforms/iPhoneOS.platform/Developer/SDKs/iPhoneOS13.2.sdk/usr/include]
  ignore line: [ /Applications/Xcode.app/Contents/Developer/Platforms/iPhoneOS.platform/Developer/SDKs/iPhoneOS13.2.sdk/System/Library/Frameworks (framework directory)]
  ignore line: [End of search list.]
  ignore line: []
  ignore line: [Libtool Debug/libcmTC_780d0.a normal arm64]
  ignore line: [    cd /Users/fares-ben/Documents/tvsmiles-rta-cocos2dx/cocos2d/ios-build/CMakeFiles/CMakeTmp]
  ignore line: [    /Applications/Xcode.app/Contents/Developer/Toolchains/XcodeDefault.xctoolchain/usr/bin/libtool -static -arch_only arm64 -D -syslibroot /Applications/Xcode.app/Contents/Developer/Platforms/iPhoneOS.platform/Developer/SDKs/iPhoneOS13.2.sdk -L/Users/fares-ben/Documents/tvsmiles-rta-cocos2dx/cocos2d/ios-build/CMakeFiles/CMakeTmp/Debug -filelist /Users/fares-ben/Documents/tvsmiles-rta-cocos2dx/cocos2d/ios-build/CMakeFiles/CMakeTmp/CMAKE_TRY_COMPILE.build/Debug-iphoneos/cmTC_780d0.build/Objects-normal/arm64/cmTC_780d0.LinkFileList -o /Users/fares-ben/Documents/tvsmiles-rta-cocos2dx/cocos2d/ios-build/CMakeFiles/CMakeTmp/Debug/libcmTC_780d0.a]
  ignore line: []
  ignore line: [** BUILD SUCCEEDED **]
  ignore line: []
  ignore line: []
  ignore line: []
  implicit libs: []
  implicit dirs: []
  implicit fwks: []


